#
# A fatal error has been detected by the Java Runtime Environment:
#
#  Internal Error (safepoint.cpp:310), pid=2110, tid=0x0000004063d92700
#  guarantee(PageArmed == 0) failed: invariant
#
# JRE version: OpenJDK Runtime Environment (8.0_162-b12) (build 1.8.0_162-8u162-b12-1~deb9u1-b12)
# Java VM: OpenJDK 64-Bit Server VM (25.162-b12 mixed mode linux-amd64 compressed oops)
# Failed to write core dump. Core dumps have been disabled. To enable core dumping, try "ulimit -c unlimited" before starting Java again
#
# If you would like to submit a bug report, please visit:
#   http://bugreport.java.com/bugreport/crash.jsp
#

---------------  T H R E A D  ---------------

Current thread (0x0000004008080000):  VMThread [stack: 0x0000004063c92000,0x0000004063d93000] [id=2122]

Stack: [0x0000004063c92000,0x0000004063d93000],  sp=0x0000004063d91ae0,  free space=1022k
Native frames: (J=compiled Java code, j=interpreted, Vv=VM code, C=native code)
V  [libjvm.so+0xa70430]
V  [libjvm.so+0x4c79dd]
V  [libjvm.so+0x960f4f]
V  [libjvm.so+0xa75e9a]
V  [libjvm.so+0xa763a1]
V  [libjvm.so+0x8bb7b2]

VM_Operation (0x00000040b0000a30): EnableBiasedLocking, mode: async safepoint, requested by thread 0x00000040080f0000


---------------  P R O C E S S  ---------------

Java Threads: ( => current thread )
  0x00000040080ed800 JavaThread "Service Thread" daemon [_thread_blocked, id=2130, stack(0x00000040a4650000,0x00000040a4751000)]
  0x00000040080c0000 JavaThread "C1 CompilerThread3" daemon [_thread_blocked, id=2129, stack(0x000000409c54f000,0x000000409c650000)]
  0x00000040080bb800 JavaThread "C2 CompilerThread2" daemon [_thread_blocked, id=2128, stack(0x000000408c44e000,0x000000408c54f000)]
  0x00000040080ba000 JavaThread "C2 CompilerThread1" daemon [_thread_blocked, id=2127, stack(0x000000408c34d000,0x000000408c44e000)]
  0x00000040080b7000 JavaThread "C2 CompilerThread0" daemon [_thread_blocked, id=2126, stack(0x000000408424c000,0x000000408434d000)]
  0x00000040080b5000 JavaThread "Signal Dispatcher" daemon [_thread_blocked, id=2125, stack(0x000000407c14b000,0x000000407c24c000)]
  0x000000400808c800 JavaThread "Finalizer" daemon [_thread_blocked, id=2124, stack(0x0000004073e94000,0x0000004073f95000)]
  0x0000004008087800 JavaThread "Reference Handler" daemon [_thread_blocked, id=2123, stack(0x000000406bd93000,0x000000406be94000)]
  0x000000400800a800 JavaThread "main" [_thread_in_Java, id=2113, stack(0x000000400400c000,0x000000400410d000)]

Other Threads:
=>0x0000004008080000 VMThread [stack: 0x0000004063c92000,0x0000004063d93000] [id=2122]
  0x00000040080f0000 WatcherThread [stack: 0x00000040ac751000,0x00000040ac852000] [id=2131]

VM state:synchronizing (normal execution)

VM Mutex/Monitor currently owned by a thread:  ([mutex/lock_event])
[0x0000004008006d30] Safepoint_lock - owner thread: 0x0000004008080000
[0x0000004008006db0] Threads_lock - owner thread: 0x0000004008080000

Heap:
 PSYoungGen      total 2048K, used 654K [0x00000000d7200000, 0x00000000d7480000, 0x0000000100000000)
  eden space 1536K, 42% used [0x00000000d7200000,0x00000000d72a3ab8,0x00000000d7380000)
  from space 512K, 0% used [0x00000000d7400000,0x00000000d7400000,0x00000000d7480000)
  to   space 512K, 0% used [0x00000000d7380000,0x00000000d7380000,0x00000000d7400000)
 ParOldGen       total 5632K, used 0K [0x0000000085600000, 0x0000000085b80000, 0x00000000d7200000)
  object space 5632K, 0% used [0x0000000085600000,0x0000000085600000,0x0000000085b80000)
 Metaspace       used 2852K, capacity 4554K, committed 4864K, reserved 1056768K
  class space    used 302K, capacity 390K, committed 512K, reserved 1048576K

Card table byte_map: [0x000000401c581000,0x000000401c957000] byte_map_base: 0x000000401c156000

Marking Bits: (ParMarkBitMap*) 0x000000400374a300
 Begin Bits: [0x00000040553ed000, 0x0000004057295000)
 End Bits:   [0x0000004057295000, 0x000000405913d000)

Polling page: 0x000000400c75f000

CodeCache: size=245760Kb used=1089Kb max_used=1089Kb free=244671Kb
 bounds [0x000000400d1c1000, 0x000000400d431000, 0x000000401c1c1000]
 total_blobs=247 nmethods=17 adapters=147
 compilation: enabled

Compilation events (10 events):
Event: 0.483 Thread 0x00000040080c0000   17       1       java.lang.Object::<init> (1 bytes)
Event: 0.483 Thread 0x00000040080c0000 nmethod 17 0x000000400d2cd450 code [0x000000400d2cd5a0, 0x000000400d2cd6b0]
Event: 0.483 Thread 0x00000040080c0000   15       3       java.util.Arrays::copyOfRange (63 bytes)
Event: 0.488 Thread 0x00000040080c0000 nmethod 15 0x000000400d2cf990 code [0x000000400d2cfba0, 0x000000400d2d06b8]
Event: 0.488 Thread 0x00000040080c0000   16       1       java.util.ArrayList::size (5 bytes)
Event: 0.488 Thread 0x00000040080c0000 nmethod 16 0x000000400d2cd190 code [0x000000400d2cd2e0, 0x000000400d2cd3f0]
Event: 0.488 Thread 0x00000040080c0000   14       3       java.lang.StringBuilder::append (8 bytes)
Event: 0.488 Thread 0x00000040080c0000 nmethod 14 0x000000400d2d0c10 code [0x000000400d2d0d80, 0x000000400d2d0f08]
Event: 0.488 Thread 0x00000040080c0000   13       3       java.lang.AbstractStringBuilder::ensureCapacityInternal (27 bytes)
Event: 0.489 Thread 0x00000040080c0000 nmethod 13 0x000000400d2d0f90 code [0x000000400d2d1120, 0x000000400d2d1578]

GC Heap History (0 events):
No events

Deoptimization events (0 events):
No events

Classes redefined (0 events):
No events

Internal exceptions (5 events):
Event: 0.188 Thread 0x000000400800a800 Exception <a 'java/lang/NoSuchMethodError': Method sun.misc.Unsafe.defineClass(Ljava/lang/String;[BII)Ljava/lang/Class; name or signature does not match> (0x00000000d7207cd8) thrown at [/build/openjdk-8-8u162-b12/src/hotspot/src/share/vm/prims/jni.cpp, li
Event: 0.188 Thread 0x000000400800a800 Exception <a 'java/lang/NoSuchMethodError': Method sun.misc.Unsafe.prefetchRead(Ljava/lang/Object;J)V name or signature does not match> (0x00000000d7207fc0) thrown at [/build/openjdk-8-8u162-b12/src/hotspot/src/share/vm/prims/jni.cpp, line 4011]
Event: 0.370 Thread 0x000000400800a800 Exception <a 'java/util/zip/ZipException'> (0x00000000d7255590) thrown at [/build/openjdk-8-8u162-b12/src/hotspot/src/share/vm/prims/jni.cpp, line 709]
Event: 0.374 Thread 0x000000400800a800 Exception <a 'java/security/PrivilegedActionException'> (0x00000000d7255830) thrown at [/build/openjdk-8-8u162-b12/src/hotspot/src/share/vm/prims/jvm.cpp, line 1390]
Event: 0.375 Thread 0x000000400800a800 Exception <a 'java/security/PrivilegedActionException'> (0x00000000d7255a40) thrown at [/build/openjdk-8-8u162-b12/src/hotspot/src/share/vm/prims/jvm.cpp, line 1390]

Events (10 events):
Event: 0.479 loading class com/sun/tools/javac/util/ClientCodeException done
Event: 0.480 loading class java/io/FileNotFoundException
Event: 0.480 loading class java/io/FileNotFoundException done
Event: 0.480 loading class com/sun/tools/javac/util/FatalError
Event: 0.480 loading class com/sun/tools/javac/util/FatalError done
Event: 0.481 loading class com/sun/tools/javac/processing/AnnotationProcessingError
Event: 0.481 loading class com/sun/tools/javac/processing/AnnotationProcessingError done
Event: 0.482 loading class com/sun/tools/javac/util/PropagatedException
Event: 0.482 loading class com/sun/tools/javac/util/PropagatedException done
Event: 4.336 Executing VM operation: EnableBiasedLocking


Dynamic libraries:
00200000-002b5000 r--p 00000000 fe:20 20434884                           /usr/bin/qemu-x86_64
002c4000-00461000 r-xp 000b4000 fe:20 20434884                           /usr/bin/qemu-x86_64
00470000-004ab000 rw-p 00250000 fe:20 20434884                           /usr/bin/qemu-x86_64
004ba000-004cf000 rw-p 0028a000 fe:20 20434884                           /usr/bin/qemu-x86_64
004cf000-004ef000 rw-p 00000000 00:00 0 
32007000-32008000 ---p 00000000 00:00 0                                  [heap]
32008000-32011000 rw-p 00000000 00:00 0                                  [heap]
85600000-85b80000 rw-p 00000000 00:00 0 
85b80000-d7200000 ---p 00000000 00:00 0 
d7200000-d7480000 rw-p 00000000 00:00 0 
d7480000-100000000 ---p 00000000 00:00 0 
100000000-100080000 rw-p 00000000 00:00 0 
100080000-140000000 ---p 00000000 00:00 0 
4000000000-4000001000 r--p 00000000 fe:01 277926                         /usr/lib/jvm/java-8-openjdk-amd64/bin/javac
4000001000-4000200000 ---p 00000000 00:00 0 
4000200000-4000201000 r--p 00000000 fe:01 277926                         /usr/lib/jvm/java-8-openjdk-amd64/bin/javac
4000201000-4000202000 rw-p 00001000 fe:01 277926                         /usr/lib/jvm/java-8-openjdk-amd64/bin/javac
4000202000-4000223000 rw-p 00000000 00:00 0 
4001202000-4001203000 ---p 00000000 00:00 0 
4001203000-4001a03000 rw-p 00000000 00:00 0 
4001a03000-4001a26000 r--p 00000000 fe:01 262524                         /lib/x86_64-linux-gnu/ld-2.24.so
4001a26000-4001c26000 ---p 00000000 00:00 0 
4001c26000-4001c27000 r--p 00023000 fe:01 262524                         /lib/x86_64-linux-gnu/ld-2.24.so
4001c27000-4001c28000 rw-p 00024000 fe:01 262524                         /lib/x86_64-linux-gnu/ld-2.24.so
4001c28000-4001c2e000 rw-p 00000000 00:00 0 
4001c36000-4001c4e000 r--p 00000000 fe:01 262601                         /lib/x86_64-linux-gnu/libpthread-2.24.so
4001c4e000-4001e4d000 ---p 00018000 fe:01 262601                         /lib/x86_64-linux-gnu/libpthread-2.24.so
4001e4d000-4001e4e000 r--p 00017000 fe:01 262601                         /lib/x86_64-linux-gnu/libpthread-2.24.so
4001e4e000-4001e4f000 rw-p 00018000 fe:01 262601                         /lib/x86_64-linux-gnu/libpthread-2.24.so
4001e4f000-4001e53000 rw-p 00000000 00:00 0 
4001e53000-4001e6c000 r--p 00000000 fe:01 262626                         /lib/x86_64-linux-gnu/libz.so.1.2.8
4001e6c000-400206b000 ---p 00019000 fe:01 262626                         /lib/x86_64-linux-gnu/libz.so.1.2.8
400206b000-400206c000 r--p 00018000 fe:01 262626                         /lib/x86_64-linux-gnu/libz.so.1.2.8
400206c000-400206d000 rw-p 00019000 fe:01 262626                         /lib/x86_64-linux-gnu/libz.so.1.2.8
400206d000-400207a000 r--p 00000000 fe:01 277990                         /usr/lib/jvm/java-8-openjdk-amd64/jre/lib/amd64/jli/libjli.so
400207a000-400227a000 ---p 0000d000 fe:01 277990                         /usr/lib/jvm/java-8-openjdk-amd64/jre/lib/amd64/jli/libjli.so
400227a000-400227b000 r--p 0000d000 fe:01 277990                         /usr/lib/jvm/java-8-openjdk-amd64/jre/lib/amd64/jli/libjli.so
400227b000-400227c000 rw-p 0000e000 fe:01 277990                         /usr/lib/jvm/java-8-openjdk-amd64/jre/lib/amd64/jli/libjli.so
400227c000-400227f000 r--p 00000000 fe:01 262552                         /lib/x86_64-linux-gnu/libdl-2.24.so
400227f000-400247e000 ---p 00003000 fe:01 262552                         /lib/x86_64-linux-gnu/libdl-2.24.so
400247e000-400247f000 r--p 00002000 fe:01 262552                         /lib/x86_64-linux-gnu/libdl-2.24.so
400247f000-4002480000 rw-p 00003000 fe:01 262552                         /lib/x86_64-linux-gnu/libdl-2.24.so
4002480000-4002615000 r--p 00000000 fe:01 262542                         /lib/x86_64-linux-gnu/libc-2.24.so
4002615000-4002815000 ---p 00195000 fe:01 262542                         /lib/x86_64-linux-gnu/libc-2.24.so
4002815000-4002819000 r--p 00195000 fe:01 262542                         /lib/x86_64-linux-gnu/libc-2.24.so
4002819000-400281b000 rw-p 00199000 fe:01 262542                         /lib/x86_64-linux-gnu/libc-2.24.so
400281b000-4002821000 rw-p 00000000 00:00 0 
4002821000-400347b000 r--p 00000000 fe:01 278032                         /usr/lib/jvm/java-8-openjdk-amd64/jre/lib/amd64/server/libjvm.so
400347b000-400367a000 ---p 00c5a000 fe:01 278032                         /usr/lib/jvm/java-8-openjdk-amd64/jre/lib/amd64/server/libjvm.so
400367a000-400370e000 r--p 00c59000 fe:01 278032                         /usr/lib/jvm/java-8-openjdk-amd64/jre/lib/amd64/server/libjvm.so
400370e000-4003737000 rw-p 00ced000 fe:01 278032                         /usr/lib/jvm/java-8-openjdk-amd64/jre/lib/amd64/server/libjvm.so
4003737000-4003767000 rw-p 00000000 00:00 0 
400376f000-40038e1000 r--p 00000000 fe:01 263324                         /usr/lib/x86_64-linux-gnu/libstdc++.so.6.0.22
40038e1000-4003ae1000 ---p 00172000 fe:01 263324                         /usr/lib/x86_64-linux-gnu/libstdc++.so.6.0.22
4003ae1000-4003aeb000 r--p 00172000 fe:01 263324                         /usr/lib/x86_64-linux-gnu/libstdc++.so.6.0.22
4003aeb000-4003aed000 rw-p 0017c000 fe:01 263324                         /usr/lib/x86_64-linux-gnu/libstdc++.so.6.0.22
4003aed000-4003af1000 rw-p 00000000 00:00 0 
4003af1000-4003bf4000 r--p 00000000 fe:01 262567                         /lib/x86_64-linux-gnu/libm-2.24.so
4003bf4000-4003df3000 ---p 00103000 fe:01 262567                         /lib/x86_64-linux-gnu/libm-2.24.so
4003df3000-4003df4000 r--p 00102000 fe:01 262567                         /lib/x86_64-linux-gnu/libm-2.24.so
4003df4000-4003df5000 rw-p 00103000 fe:01 262567                         /lib/x86_64-linux-gnu/libm-2.24.so
4003df5000-4003e0b000 r--p 00000000 fe:01 262560                         /lib/x86_64-linux-gnu/libgcc_s.so.1
4003e0b000-400400a000 ---p 00016000 fe:01 262560                         /lib/x86_64-linux-gnu/libgcc_s.so.1
400400a000-400400b000 r--p 00015000 fe:01 262560                         /lib/x86_64-linux-gnu/libgcc_s.so.1
400400b000-400400c000 rw-p 00016000 fe:01 262560                         /lib/x86_64-linux-gnu/libgcc_s.so.1
400400c000-400400f000 ---p 00000000 00:00 0 
400400f000-400410d000 rw-p 00000000 00:00 0 
4008000000-40081ba000 rw-p 00000000 00:00 0 
40081ba000-400c000000 ---p 00000000 00:00 0 
400c115000-400c11c000 r--p 00000000 fe:01 262605                         /lib/x86_64-linux-gnu/librt-2.24.so
400c11c000-400c31b000 ---p 00007000 fe:01 262605                         /lib/x86_64-linux-gnu/librt-2.24.so
400c31b000-400c31c000 r--p 00006000 fe:01 262605                         /lib/x86_64-linux-gnu/librt-2.24.so
400c31c000-400c31d000 rw-p 00007000 fe:01 262605                         /lib/x86_64-linux-gnu/librt-2.24.so
400c31d000-400c32c000 r--p 00000000 fe:01 278026                         /usr/lib/jvm/java-8-openjdk-amd64/jre/lib/amd64/libverify.so
400c32c000-400c52c000 ---p 0000f000 fe:01 278026                         /usr/lib/jvm/java-8-openjdk-amd64/jre/lib/amd64/libverify.so
400c52c000-400c52e000 r--p 0000f000 fe:01 278026                         /usr/lib/jvm/java-8-openjdk-amd64/jre/lib/amd64/libverify.so
400c52e000-400c52f000 rw-p 00011000 fe:01 278026                         /usr/lib/jvm/java-8-openjdk-amd64/jre/lib/amd64/libverify.so
400c52f000-400c55c000 r--p 00000000 fe:01 278006                         /usr/lib/jvm/java-8-openjdk-amd64/jre/lib/amd64/libjava.so
400c55c000-400c75c000 ---p 0002d000 fe:01 278006                         /usr/lib/jvm/java-8-openjdk-amd64/jre/lib/amd64/libjava.so
400c75c000-400c75d000 r--p 0002d000 fe:01 278006                         /usr/lib/jvm/java-8-openjdk-amd64/jre/lib/amd64/libjava.so
400c75d000-400c75f000 rw-p 0002e000 fe:01 278006                         /usr/lib/jvm/java-8-openjdk-amd64/jre/lib/amd64/libjava.so
400c75f000-400c760000 ---p 00000000 00:00 0 
400c760000-400c761000 rw-p 00000000 00:00 0 
400c769000-400c770000 r--p 00000000 fe:01 262580                         /lib/x86_64-linux-gnu/libnss_compat-2.24.so
400c770000-400c96f000 ---p 00007000 fe:01 262580                         /lib/x86_64-linux-gnu/libnss_compat-2.24.so
400c96f000-400c970000 r--p 00006000 fe:01 262580                         /lib/x86_64-linux-gnu/libnss_compat-2.24.so
400c970000-400c971000 rw-p 00007000 fe:01 262580                         /lib/x86_64-linux-gnu/libnss_compat-2.24.so
400c971000-400c985000 r--p 00000000 fe:01 262578                         /lib/x86_64-linux-gnu/libnsl-2.24.so
400c985000-400cb85000 ---p 00014000 fe:01 262578                         /lib/x86_64-linux-gnu/libnsl-2.24.so
400cb85000-400cb86000 r--p 00014000 fe:01 262578                         /lib/x86_64-linux-gnu/libnsl-2.24.so
400cb86000-400cb87000 rw-p 00015000 fe:01 262578                         /lib/x86_64-linux-gnu/libnsl-2.24.so
400cb87000-400cb89000 rw-p 00000000 00:00 0 
400cb91000-400cb9c000 r--p 00000000 fe:01 262588                         /lib/x86_64-linux-gnu/libnss_nis-2.24.so
400cb9c000-400cd9b000 ---p 0000b000 fe:01 262588                         /lib/x86_64-linux-gnu/libnss_nis-2.24.so
400cd9b000-400cd9c000 r--p 0000a000 fe:01 262588                         /lib/x86_64-linux-gnu/libnss_nis-2.24.so
400cd9c000-400cd9d000 rw-p 0000b000 fe:01 262588                         /lib/x86_64-linux-gnu/libnss_nis-2.24.so
400cd9d000-400cda7000 r--p 00000000 fe:01 262584                         /lib/x86_64-linux-gnu/libnss_files-2.24.so
400cda7000-400cfa7000 ---p 0000a000 fe:01 262584                         /lib/x86_64-linux-gnu/libnss_files-2.24.so
400cfa7000-400cfa8000 r--p 0000a000 fe:01 262584                         /lib/x86_64-linux-gnu/libnss_files-2.24.so
400cfa8000-400cfa9000 rw-p 0000b000 fe:01 262584                         /lib/x86_64-linux-gnu/libnss_files-2.24.so
400cfa9000-400cfaf000 rw-p 00000000 00:00 0 
400cfb0000-400cfb8000 rw-s 00000000 fe:01 398913                         /tmp/hsperfdata_root/2110
400cfb8000-400cfc0000 r--p 00000000 fe:01 278027                         /usr/lib/jvm/java-8-openjdk-amd64/jre/lib/amd64/libzip.so
400cfc0000-400d1bf000 ---p 00008000 fe:01 278027                         /usr/lib/jvm/java-8-openjdk-amd64/jre/lib/amd64/libzip.so
400d1bf000-400d1c0000 r--p 00007000 fe:01 278027                         /usr/lib/jvm/java-8-openjdk-amd64/jre/lib/amd64/libzip.so
400d1c0000-400d1c1000 rw-p 00008000 fe:01 278027                         /usr/lib/jvm/java-8-openjdk-amd64/jre/lib/amd64/libzip.so
400d1c1000-400d1c2000 r-xp 00000000 00:00 0 
400d1c2000-400d1c8000 rw-p 00000000 00:00 0 
400d1c8000-400d1ca000 r-xp 00000000 00:00 0 
400d1ca000-400d1d2000 rw-p 00000000 00:00 0 
400d1d2000-400d1d7000 r-xp 00000000 00:00 0 
400d1d7000-400d1d8000 rw-p 00000000 00:00 0 
400d1d8000-400d1ea000 r-xp 00000000 00:00 0 
400d1ea000-400d207000 rw-p 00000000 00:00 0 
400d207000-400d208000 r-xp 00000000 00:00 0 
400d208000-400d20e000 rw-p 00000000 00:00 0 
400d20e000-400d210000 r-xp 00000000 00:00 0 
400d210000-400d218000 rw-p 00000000 00:00 0 
400d218000-400d21b000 r-xp 00000000 00:00 0 
400d21b000-400d224000 rw-p 00000000 00:00 0 
400d224000-400d225000 r-xp 00000000 00:00 0 
400d225000-400d22a000 rw-p 00000000 00:00 0 
400d22a000-400d22b000 r-xp 00000000 00:00 0 
400d22b000-400d2c3000 rw-p 00000000 00:00 0 
400d2c3000-400d2c4000 r-xp 00000000 00:00 0 
400d2c4000-400d2c8000 rw-p 00000000 00:00 0 
400d2c8000-400d2c9000 r-xp 00000000 00:00 0 
400d2c9000-400d2ca000 rwxp 00000000 00:00 0 
400d2ca000-400d2cc000 r-xp 00000000 00:00 0 
400d2cc000-400d2ce000 rwxp 00000000 00:00 0 
400d2ce000-400d2cf000 r-xp 00000000 00:00 0 
400d2cf000-400d2d0000 rwxp 00000000 00:00 0 
400d2d0000-400d431000 rw-p 00000000 00:00 0 
400d431000-401c1c1000 ---p 00000000 00:00 0 
401c1c1000-401c1cb000 rw-p 00000000 00:00 0 
401c1cb000-401c581000 ---p 00000000 00:00 0 
401c581000-401c584000 rw-p 00000000 00:00 0 
401c584000-401c80f000 ---p 00000000 00:00 0 
401c80f000-401c811000 rw-p 00000000 00:00 0 
401c811000-401c956000 ---p 00000000 00:00 0 
401c956000-401c95a000 rw-p 00000000 00:00 0 
401c95a000-401cbe5000 ---p 00000000 00:00 0 
401cbe5000-401cbe6000 ---p 00000000 00:00 0 
401cbe6000-401cce6000 rw-p 00000000 00:00 0 
401cce6000-401cce7000 ---p 00000000 00:00 0 
401cce7000-401cde7000 rw-p 00000000 00:00 0 
401cde7000-401cde8000 ---p 00000000 00:00 0 
401cde8000-401cee8000 rw-p 00000000 00:00 0 
401cee8000-401cee9000 ---p 00000000 00:00 0 
401cee9000-401cfe9000 rw-p 00000000 00:00 0 
401cfe9000-401cfea000 ---p 00000000 00:00 0 
401cfea000-401d0ea000 rw-p 00000000 00:00 0 
401d0ea000-401d0eb000 ---p 00000000 00:00 0 
401d0eb000-401d1eb000 rw-p 00000000 00:00 0 
401d1eb000-401d1ec000 ---p 00000000 00:00 0 
401d1ec000-401d2ec000 rw-p 00000000 00:00 0 
401d2ec000-401d2ed000 ---p 00000000 00:00 0 
401d2ed000-401d3ed000 rw-p 00000000 00:00 0 
4020000000-4020021000 rw-p 00000000 00:00 0 
4020021000-4024000000 ---p 00000000 00:00 0 
4028000000-4028021000 rw-p 00000000 00:00 0 
4028021000-402c000000 ---p 00000000 00:00 0 
4030000000-4030021000 rw-p 00000000 00:00 0 
4030021000-4034000000 ---p 00000000 00:00 0 
4038000000-4038021000 rw-p 00000000 00:00 0 
4038021000-403c000000 ---p 00000000 00:00 0 
4040000000-4040021000 rw-p 00000000 00:00 0 
4040021000-4044000000 ---p 00000000 00:00 0 
4048000000-4048021000 rw-p 00000000 00:00 0 
4048021000-404c000000 ---p 00000000 00:00 0 
4050000000-4050021000 rw-p 00000000 00:00 0 
4050021000-4054000000 ---p 00000000 00:00 0 
40553ed000-4059539000 rw-p 00000000 00:00 0 
405c000000-405c021000 rw-p 00000000 00:00 0 
405c021000-4060000000 ---p 00000000 00:00 0 
4061539000-4061979000 rw-p 00000000 00:00 0 
4061979000-4061d39000 ---p 00000000 00:00 0 
4061d39000-4061e32000 rw-p 00000000 00:00 0 
4061e32000-4062000000 r--s 03c2c000 fe:01 278086                         /usr/lib/jvm/java-8-openjdk-amd64/jre/lib/rt.jar
4062000000-4063c92000 rw-p 00000000 00:00 0 
4063c92000-4063c93000 ---p 00000000 00:00 0 
4063c93000-4063d93000 rw-p 00000000 00:00 0 
4064000000-4064021000 rw-p 00000000 00:00 0 
4064021000-4068000000 ---p 00000000 00:00 0 
406bd93000-406bd96000 ---p 00000000 00:00 0 
406bd96000-406be94000 rw-p 00000000 00:00 0 
406c000000-406c021000 rw-p 00000000 00:00 0 
406c021000-4070000000 ---p 00000000 00:00 0 
4073e94000-4073e97000 ---p 00000000 00:00 0 
4073e97000-4073f95000 rw-p 00000000 00:00 0 
4074000000-4074021000 rw-p 00000000 00:00 0 
4074021000-4078000000 ---p 00000000 00:00 0 
407bf95000-407bf96000 r--p 00000000 fe:01 263010                         /usr/lib/locale/C.UTF-8/LC_IDENTIFICATION
407bf96000-407bf9d000 r--s 00000000 fe:01 263296                         /usr/lib/x86_64-linux-gnu/gconv/gconv-modules.cache
407bf9d000-407bf9e000 r--p 00000000 fe:01 263011                         /usr/lib/locale/C.UTF-8/LC_MEASUREMENT
407bf9e000-407bf9f000 r--p 00000000 fe:01 263018                         /usr/lib/locale/C.UTF-8/LC_TELEPHONE
407bf9f000-407bfa0000 r--p 00000000 fe:01 263007                         /usr/lib/locale/C.UTF-8/LC_ADDRESS
407bfa0000-407bfa1000 r--p 00000000 fe:01 263015                         /usr/lib/locale/C.UTF-8/LC_NAME
407bfa1000-407bfa2000 r--p 00000000 fe:01 263017                         /usr/lib/locale/C.UTF-8/LC_PAPER
407bfa2000-407bfa3000 r--p 00000000 fe:01 263013                         /usr/lib/locale/C.UTF-8/LC_MESSAGES/SYS_LC_MESSAGES
407bfa3000-407bfa4000 r--p 00000000 fe:01 263014                         /usr/lib/locale/C.UTF-8/LC_MONETARY
407bfa4000-407c117000 r--p 00000000 fe:01 263008                         /usr/lib/locale/C.UTF-8/LC_COLLATE
407c117000-407c118000 r--p 00000000 fe:01 263019                         /usr/lib/locale/C.UTF-8/LC_TIME
407c118000-407c119000 r--p 00000000 fe:01 263016                         /usr/lib/locale/C.UTF-8/LC_NUMERIC
407c119000-407c14a000 r--p 00000000 fe:01 263009                         /usr/lib/locale/C.UTF-8/LC_CTYPE
407c14b000-407c14e000 ---p 00000000 00:00 0 
407c14e000-407c24c000 rw-p 00000000 00:00 0 
4080000000-4080021000 rw-p 00000000 00:00 0 
4080021000-4084000000 ---p 00000000 00:00 0 
408424c000-408424f000 ---p 00000000 00:00 0 
408424f000-408434d000 rw-p 00000000 00:00 0 
4088000000-4088021000 rw-p 00000000 00:00 0 
4088021000-408c000000 ---p 00000000 00:00 0 
408c34d000-408c350000 ---p 00000000 00:00 0 
408c350000-408c44e000 rw-p 00000000 00:00 0 
408c44e000-408c451000 ---p 00000000 00:00 0 
408c451000-408c54f000 rw-p 00000000 00:00 0 
4090000000-4090021000 rw-p 00000000 00:00 0 
4090021000-4094000000 ---p 00000000 00:00 0 
4098000000-4098021000 rw-p 00000000 00:00 0 
4098021000-409c000000 ---p 00000000 00:00 0 
409c54f000-409c552000 ---p 00000000 00:00 0 
409c552000-409c650000 rw-p 00000000 00:00 0 
40a0000000-40a0025000 rw-p 00000000 00:00 0 
40a0025000-40a4000000 ---p 00000000 00:00 0 
40a4650000-40a4653000 ---p 00000000 00:00 0 
40a4653000-40a4751000 rw-p 00000000 00:00 0 
40a8000000-40a8021000 rw-p 00000000 00:00 0 
40a8021000-40ac000000 ---p 00000000 00:00 0 
40ac751000-40ac752000 ---p 00000000 00:00 0 
40ac752000-40ac852000 rw-p 00000000 00:00 0 
40b0000000-40b0021000 rw-p 00000000 00:00 0 
40b0021000-40b4000000 ---p 00000000 00:00 0 
40b4852000-40b4854000 r--s 00001000 fe:01 278046                         /usr/lib/jvm/java-8-openjdk-amd64/jre/lib/ext/dnsns.jar
40b4854000-40b4856000 r--s 00008000 fe:01 278053                         /usr/lib/jvm/java-8-openjdk-amd64/jre/lib/ext/sunec.jar
40b4856000-40b4860000 r--s 00116000 fe:01 278051                         /usr/lib/jvm/java-8-openjdk-amd64/jre/lib/ext/localedata.jar
40b4860000-40b4865000 r--s 0003b000 fe:01 278054                         /usr/lib/jvm/java-8-openjdk-amd64/jre/lib/ext/sunjce_provider.jar
40b4865000-40b4867000 r--s 00007000 fe:01 286406                         /usr/share/java/java-atk-wrapper.jar
40b4867000-40b486a000 r--s 0000f000 fe:01 278047                         /usr/lib/jvm/java-8-openjdk-amd64/jre/lib/ext/icedtea-sound.jar
40b486a000-40b486d000 r--s 00038000 fe:01 278055                         /usr/lib/jvm/java-8-openjdk-amd64/jre/lib/ext/sunpkcs11.jar
40b486d000-40b4888000 r--s 001d6000 fe:01 278052                         /usr/lib/jvm/java-8-openjdk-amd64/jre/lib/ext/nashorn.jar
40b4888000-40b48a3000 r--s 00394000 fe:01 278045                         /usr/lib/jvm/java-8-openjdk-amd64/jre/lib/ext/cldrdata.jar
40b48a3000-40b48a4000 r--s 00010000 fe:01 278056                         /usr/lib/jvm/java-8-openjdk-amd64/jre/lib/ext/zipfs.jar
40b48a4000-40b48a5000 r--s 0000a000 fe:01 278048                         /usr/lib/jvm/java-8-openjdk-amd64/jre/lib/ext/jaccess.jar
40b48a5000-40b491f000 r--s 010ff000 fe:01 278142                         /usr/lib/jvm/java-8-openjdk-amd64/lib/tools.jar
ffff85b36000-ffff85f33000 rw-p 00000000 00:00 0 
ffff85f34000-ffff85f3c000 rw-p 00000000 00:00 0 
ffff85f3d000-ffff85f45000 rw-p 00000000 00:00 0 
ffff85f46000-ffff85f4e000 rw-p 00000000 00:00 0 
ffff85f4f000-ffff85f57000 rw-p 00000000 00:00 0 
ffff85f59000-ffff85f61000 rw-p 00000000 00:00 0 
ffff85f62000-ffff85f6a000 rw-p 00000000 00:00 0 
ffff85f6b000-ffff85f73000 rw-p 00000000 00:00 0 
ffff85f75000-ffff86080000 rw-p 00000000 00:00 0 
ffff86080000-ffff86082000 ---p 00000000 00:00 0 
ffff86082000-ffff8616a000 rw-p 00000000 00:00 0 
ffff8616a000-ffff8616c000 ---p 00000000 00:00 0 
ffff8616c000-ffff86305000 rw-p 00000000 00:00 0 
ffff86305000-ffff86307000 ---p 00000000 00:00 0 
ffff86307000-ffff864c8000 rw-p 00000000 00:00 0 
ffff864c8000-ffff864ca000 ---p 00000000 00:00 0 
ffff864ca000-ffff86512000 rw-p 00000000 00:00 0 
ffff86512000-ffff86514000 ---p 00000000 00:00 0 
ffff86514000-ffff86680000 rw-p 00000000 00:00 0 
ffff86680000-ffff86682000 ---p 00000000 00:00 0 
ffff86682000-ffff86743000 rw-p 00000000 00:00 0 
ffff86743000-ffff86745000 ---p 00000000 00:00 0 
ffff86745000-ffff86931000 rw-p 00000000 00:00 0 
ffff86931000-ffff86933000 ---p 00000000 00:00 0 
ffff86933000-ffff86aac000 rw-p 00000000 00:00 0 
ffff86aad000-ffff86abd000 rw-p 00000000 00:00 0 
ffff86abe000-ffff86ace000 rw-p 00000000 00:00 0 
ffff86acf000-ffff86ad7000 rw-p 00000000 00:00 0 
ffff86ad8000-ffff86ae0000 rw-p 00000000 00:00 0 
ffff86ae1000-ffff86b69000 rw-p 00000000 00:00 0 
ffff86b69000-ffff86b6b000 ---p 00000000 00:00 0 
ffff86b6b000-ffff86be1000 rw-p 00000000 00:00 0 
ffff86be2000-ffff86bf2000 rw-p 00000000 00:00 0 
ffff86bf3000-ffff86c03000 rw-p 00000000 00:00 0 
ffff86c04000-ffff86c14000 rw-p 00000000 00:00 0 
ffff86c15000-ffff86ca5000 rw-p 00000000 00:00 0 
ffff86ca6000-ffff86cb6000 rw-p 00000000 00:00 0 
ffff86cb7000-ffff86cc7000 rw-p 00000000 00:00 0 
ffff86cc8000-ffff86ce8000 rw-p 00000000 00:00 0 
ffff86ce9000-ffff86e11000 rw-p 00000000 00:00 0 
ffff86e12000-ffff86e1a000 rw-p 00000000 00:00 0 
ffff86e1c000-ffff86e2d000 rw-p 00000000 00:00 0 
ffff86e2f000-ffff86e37000 rw-p 00000000 00:00 0 
ffff86e38000-ffff86e40000 rw-p 00000000 00:00 0 
ffff86e41000-ffff87c6c000 rw-p 00000000 00:00 0 
ffff87c6c000-ffff87c6e000 ---p 00000000 00:00 0 
ffff87c6e000-ffff87caf000 rw-p 00000000 00:00 0 
ffff87caf000-ffff87cb1000 ---p 00000000 00:00 0 
ffff87cb1000-ffff87d0f000 rw-p 00000000 00:00 0 
ffff87d0f000-ffff87d11000 ---p 00000000 00:00 0 
ffff87d11000-ffff87d52000 rw-p 00000000 00:00 0 
ffff87d52000-ffff87d54000 ---p 00000000 00:00 0 
ffff87d54000-ffff87dab000 rw-p 00000000 00:00 0 
ffff87dab000-ffff87dad000 ---p 00000000 00:00 0 
ffff87dad000-ffff87df5000 rw-p 00000000 00:00 0 
ffff87df5000-ffff87df7000 ---p 00000000 00:00 0 
ffff87df7000-ffff87e56000 rw-p 00000000 00:00 0 
ffff87e56000-ffff87e58000 ---p 00000000 00:00 0 
ffff87e58000-ffff87ea4000 rw-p 00000000 00:00 0 
ffff87ea4000-ffff87ea6000 ---p 00000000 00:00 0 
ffff87ea6000-ffff88ece000 rw-p 00000000 00:00 0 
ffff88ece000-ffff88ed0000 ---p 00000000 00:00 0 
ffff88ed0000-ffff89071000 rw-p 00000000 00:00 0 
ffff89071000-ffff91070000 rwxp 00000000 00:00 0 
ffff91070000-ffff91071000 ---p 00000000 00:00 0 
ffff91071000-ffff9107a000 rw-p 00000000 00:00 0 
ffff9107a000-ffff91095000 rw-p 00000000 00:00 0 
ffff91095000-ffff91097000 ---p 00000000 00:00 0 
ffff91097000-ffff9119c000 rw-p 00000000 00:00 0 
ffff9119c000-ffff9119e000 ---p 00000000 00:00 0 
ffff9119e000-ffff911c1000 rw-p 00000000 00:00 0 
ffff911c1000-ffff911c3000 r--p 00000000 00:00 0                          [vvar]
ffff911c3000-ffff911c4000 r-xp 00000000 00:00 0                          [vdso]
ffffc2739000-ffffc275a000 rw-p 00000000 00:00 0                          [stack]

VM Arguments:
jvm_args: -Dapplication.home=/usr/lib/jvm/java-8-openjdk-amd64 -Xms8m 
java_command: com.sun.tools.javac.Main Interface.java
java_class_path (initial): /usr/lib/jvm/java-8-openjdk-amd64/lib/tools.jar:/usr/lib/jvm/java-8-openjdk-amd64/classes
Launcher Type: SUN_STANDARD

Environment Variables:
JAVA_HOME=/docker-java-home
PATH=/usr/local/sbin:/usr/local/bin:/usr/sbin:/usr/bin:/sbin:/bin

Signal Handlers:
SIGSEGV: [libjvm.so+0xa70ed0], sa_mask[0]=11111111111111111111111111111110, sa_flags=SA_RESTART|SA_SIGINFO
SIGBUS: [libjvm.so+0xa70ed0], sa_mask[0]=11111111111111111111111111111110, sa_flags=SA_RESTART|SA_SIGINFO
SIGFPE: [libjvm.so+0x8b9a30], sa_mask[0]=11111111111111111111111111111110, sa_flags=SA_RESTART|SA_SIGINFO
SIGPIPE: [libjvm.so+0x8b9a30], sa_mask[0]=11111111111111111111111111111110, sa_flags=SA_RESTART|SA_SIGINFO
SIGXFSZ: [libjvm.so+0x8b9a30], sa_mask[0]=11111111111111111111111111111110, sa_flags=SA_RESTART|SA_SIGINFO
SIGILL: [libjvm.so+0x8b9a30], sa_mask[0]=11111111111111111111111111111110, sa_flags=SA_RESTART|SA_SIGINFO
SIGUSR1: SIG_DFL, sa_mask[0]=00000000000000000000000000000000, sa_flags=none
SIGUSR2: [libjvm.so+0x8b98e0], sa_mask[0]=00000000000000000000000000000000, sa_flags=SA_RESTART|SA_SIGINFO
SIGHUP: [libjvm.so+0x8b9d90], sa_mask[0]=11111111111111111111111111111110, sa_flags=SA_RESTART|SA_SIGINFO
SIGINT: [libjvm.so+0x8b9d90], sa_mask[0]=11111111111111111111111111111110, sa_flags=SA_RESTART|SA_SIGINFO
SIGTERM: [libjvm.so+0x8b9d90], sa_mask[0]=11111111111111111111111111111110, sa_flags=SA_RESTART|SA_SIGINFO
SIGQUIT: [libjvm.so+0x8b9d90], sa_mask[0]=11111111111111111111111111111110, sa_flags=SA_RESTART|SA_SIGINFO


---------------  S Y S T E M  ---------------

OS:PRETTY_NAME="Debian GNU/Linux 9 (stretch)"
NAME="Debian GNU/Linux"
VERSION_ID="9"
VERSION="9 (stretch)"
ID=debian
HOME_URL="https://www.debian.org/"
SUPPORT_URL="https://www.debian.org/support"
BUG_REPORT_URL="https://bugs.debian.org/"

uname:Linux 6.5.11-linuxkit #1 SMP PREEMPT Wed Dec  6 17:08:31 UTC 2023 x86_64
libc:glibc 2.24 NPTL 2.24 
rlimit: STACK 8192k, CORE 0k, NPROC infinity, NOFILE 1048576, AS infinity
load average:4.49 5.69 5.27

/proc/meminfo:
MemTotal:        8034972 kB
MemFree:         6448800 kB
MemAvailable:    6707060 kB
Buffers:           15424 kB
Cached:           505920 kB
SwapCached:            0 kB
Active:           167100 kB
Inactive:        1206432 kB
Active(anon):       5452 kB
Inactive(anon):   852284 kB
Active(file):     161648 kB
Inactive(file):   354148 kB
Unevictable:           0 kB
Mlocked:               0 kB
SwapTotal:       1048572 kB
SwapFree:        1048572 kB
Dirty:                16 kB
Writeback:             0 kB
AnonPages:        835132 kB
Mapped:           288192 kB
Shmem:              5556 kB
KReclaimable:      25544 kB
Slab:              60028 kB
SReclaimable:      25544 kB
SUnreclaim:        34484 kB
KernelStack:        9056 kB
PageTables:         6464 kB
SecPageTables:         0 kB
NFS_Unstable:          0 kB
Bounce:                0 kB
WritebackTmp:          0 kB
CommitLimit:     5066056 kB
Committed_AS:    3777420 kB
VmallocTotal:   133141626880 kB
VmallocUsed:       13408 kB
VmallocChunk:          0 kB
Percpu:             2112 kB
AnonHugePages:    608256 kB
ShmemHugePages:        0 kB
ShmemPmdMapped:        0 kB
FileHugePages:         0 kB
FilePmdMapped:         0 kB


CPU:total 8 (initial active 8) (1 cores per cpu, 1 threads per core) family 15 model 107 stepping 1, cmov, cx8, fxsr, mmx, sse, sse2, sse3, ssse3, sse4.1, sse4.2, popcnt, aes, clmul, erms, mmxext, 3dnowpref, lzcnt, tsc, bmi1

/proc/cpuinfo:
processor	: 0
BogoMIPS	: 48.00
Features	: fp asimd evtstrm aes pmull sha1 sha2 crc32 atomics fphp asimdhp cpuid asimdrdm jscvt fcma lrcpc dcpop sha3 asimddp sha512 asimdfhm dit uscat ilrcpc flagm ssbs sb paca pacg dcpodp flagm2 frint
CPU implementer	: 0x00
CPU architecture: 8
CPU variant	: 0x0
CPU part	: 0x000
CPU revision	: 0

processor	: 1
BogoMIPS	: 48.00
Features	: fp asimd evtstrm aes pmull sha1 sha2 crc32 atomics fphp asimdhp cpuid asimdrdm jscvt fcma lrcpc dcpop sha3 asimddp sha512 asimdfhm dit uscat ilrcpc flagm ssbs sb paca pacg dcpodp flagm2 frint
CPU implementer	: 0x00
CPU architecture: 8
CPU variant	: 0x0
CPU part	: 0x000
CPU revision	: 0

processor	: 2
BogoMIPS	: 48.00
Features	: fp asimd evtstrm aes pmull sha1 sha2 crc32 atomics fphp asimdhp cpuid asimdrdm jscvt fcma lrcpc dcpop sha3 asimddp sha512 asimdfhm dit uscat ilrcpc flagm ssbs sb paca pacg dcpodp flagm2 frint
CPU implementer	: 0x00
CPU architecture: 8
CPU variant	: 0x0
CPU part	: 0x000
CPU revision	: 0

processor	: 3
BogoMIPS	: 48.00
Features	: fp asimd evtstrm aes pmull sha1 sha2 crc32 atomics fphp asimdhp cpuid asimdrdm jscvt fcma lrcpc dcpop sha3 asimddp sha512 asimdfhm dit uscat ilrcpc flagm ssbs sb paca pacg dcpodp flagm2 frint
CPU implementer	: 0x00
CPU architecture: 8
CPU variant	: 0x0
CPU part	: 0x000
CPU revision	: 0

processor	: 4
BogoMIPS	: 48.00
Features	: fp asimd evtstrm aes pmull sha1 sha2 crc32 atomics fphp asimdhp cpuid asimdrdm jscvt fcma lrcpc dcpop sha3 asimddp sha512 asimdfhm dit uscat ilrcpc flagm ssbs sb paca pacg dcpodp flagm2 frint
CPU implementer	: 0x00
CPU architecture: 8
CPU variant	: 0x0
CPU part	: 0x000
CPU revision	: 0

processor	: 5
BogoMIPS	: 48.00
Features	: fp asimd evtstrm aes pmull sha1 sha2 crc32 atomics fphp asimdhp cpuid asimdrdm jscvt fcma lrcpc dcpop sha3 asimddp sha512 asimdfhm dit uscat ilrcpc flagm ssbs sb paca pacg dcpodp flagm2 frint
CPU implementer	: 0x00
CPU architecture: 8
CPU variant	: 0x0
CPU part	: 0x000
CPU revision	: 0

processor	: 6
BogoMIPS	: 48.00
Features	: fp asimd evtstrm aes pmull sha1 sha2 crc32 atomics fphp asimdhp cpuid asimdrdm jscvt fcma lrcpc dcpop sha3 asimddp sha512 asimdfhm dit uscat ilrcpc flagm ssbs sb paca pacg dcpodp flagm2 frint
CPU implementer	: 0x00
CPU architecture: 8
CPU variant	: 0x0
CPU part	: 0x000
CPU revision	: 0

processor	: 7
BogoMIPS	: 48.00
Features	: fp asimd evtstrm aes pmull sha1 sha2 crc32 atomics fphp asimdhp cpuid asimdrdm jscvt fcma lrcpc dcpop sha3 asimddp sha512 asimdfhm dit uscat ilrcpc flagm ssbs sb paca pacg dcpodp flagm2 frint
CPU implementer	: 0x00
CPU architecture: 8
CPU variant	: 0x0
CPU part	: 0x000
CPU revision	: 0



Memory: 4k page, physical 8034972k(6448800k free), swap 1048572k(1048572k free)

vm_info: OpenJDK 64-Bit Server VM (25.162-b12) for linux-amd64 JRE (1.8.0_162-8u162-b12-1~deb9u1-b12), built on Mar 15 2018 23:05:30 by "pbuilder" with gcc 6.3.0 20170516

time: Mon May 13 20:36:11 2024
elapsed time: 2204 seconds (0d 0h 36m 44s)

