#
# A fatal error has been detected by the Java Runtime Environment:
#
#  Internal Error (safepoint.cpp:310), pid=4914, tid=0x0000004063d92700
#  guarantee(PageArmed == 0) failed: invariant
#
# JRE version: OpenJDK Runtime Environment (8.0_162-b12) (build 1.8.0_162-8u162-b12-1~deb9u1-b12)
# Java VM: OpenJDK 64-Bit Server VM (25.162-b12 mixed mode linux-amd64 compressed oops)
# Failed to write core dump. Core dumps have been disabled. To enable core dumping, try "ulimit -c unlimited" before starting Java again
#
# If you would like to submit a bug report, please visit:
#   http://bugreport.java.com/bugreport/crash.jsp
#

---------------  T H R E A D  ---------------

Current thread (0x0000004008080000):  VMThread [stack: 0x0000004063c92000,0x0000004063d93000] [id=4926]

Stack: [0x0000004063c92000,0x0000004063d93000],  sp=0x0000004063d91ae0,  free space=1022k
Native frames: (J=compiled Java code, j=interpreted, Vv=VM code, C=native code)
V  [libjvm.so+0xa70430]
V  [libjvm.so+0x4c79dd]
V  [libjvm.so+0x960f4f]
V  [libjvm.so+0xa76136]
V  [libjvm.so+0xa763a1]
V  [libjvm.so+0x8bb7b2]


---------------  P R O C E S S  ---------------

Java Threads: ( => current thread )
  0x00000040080e5800 JavaThread "Service Thread" daemon [_thread_blocked, id=4934, stack(0x00000040a4650000,0x00000040a4751000)]
  0x00000040080c0000 JavaThread "C1 CompilerThread3" daemon [_thread_blocked, id=4933, stack(0x000000409c54f000,0x000000409c650000)]
  0x00000040080bb800 JavaThread "C2 CompilerThread2" daemon [_thread_blocked, id=4932, stack(0x000000409444e000,0x000000409454f000)]
  0x00000040080ba000 JavaThread "C2 CompilerThread1" daemon [_thread_blocked, id=4931, stack(0x000000408c34d000,0x000000408c44e000)]
  0x00000040080b7000 JavaThread "C2 CompilerThread0" daemon [_thread_blocked, id=4930, stack(0x000000408424c000,0x000000408434d000)]
  0x00000040080b5000 JavaThread "Signal Dispatcher" daemon [_thread_blocked, id=4929, stack(0x000000407c14b000,0x000000407c24c000)]
  0x000000400808c800 JavaThread "Finalizer" daemon [_thread_blocked, id=4928, stack(0x0000004073e94000,0x0000004073f95000)]
  0x0000004008087800 JavaThread "Reference Handler" daemon [_thread_blocked, id=4927, stack(0x000000406bd93000,0x000000406be94000)]
  0x000000400800a800 JavaThread "main" [_thread_in_Java, id=4917, stack(0x000000400400c000,0x000000400410d000)]

Other Threads:
=>0x0000004008080000 VMThread [stack: 0x0000004063c92000,0x0000004063d93000] [id=4926]
  0x00000040080e8000 WatcherThread [stack: 0x00000040ac751000,0x00000040ac852000] [id=4935]

VM state:synchronizing (normal execution)

VM Mutex/Monitor currently owned by a thread:  ([mutex/lock_event])
[0x0000004008006d30] Safepoint_lock - owner thread: 0x0000004008080000
[0x0000004008006db0] Threads_lock - owner thread: 0x0000004008080000

Heap:
 PSYoungGen      total 13312K, used 1727K [0x00000000d7200000, 0x00000000d8600000, 0x0000000100000000)
  eden space 10752K, 16% used [0x00000000d7200000,0x00000000d73afcd0,0x00000000d7c80000)
  from space 2560K, 0% used [0x00000000d8080000,0x00000000d8080000,0x00000000d8300000)
  to   space 4096K, 0% used [0x00000000d7c80000,0x00000000d7c80000,0x00000000d8080000)
 ParOldGen       total 9728K, used 4798K [0x0000000085600000, 0x0000000085f80000, 0x00000000d7200000)
  object space 9728K, 49% used [0x0000000085600000,0x0000000085aaf860,0x0000000085f80000)
 Metaspace       used 8118K, capacity 8724K, committed 8960K, reserved 1056768K
  class space    used 966K, capacity 976K, committed 1024K, reserved 1048576K

Card table byte_map: [0x000000401c581000,0x000000401c957000] byte_map_base: 0x000000401c156000

Marking Bits: (ParMarkBitMap*) 0x000000400374a300
 Begin Bits: [0x000000405d3ed000, 0x000000405f295000)
 End Bits:   [0x000000405f295000, 0x000000406113d000)

Polling page: 0x000000400c75f000

CodeCache: size=245760Kb used=2618Kb max_used=2655Kb free=243141Kb
 bounds [0x000000400d1c1000, 0x000000400d461000, 0x000000401c1c1000]
 total_blobs=869 nmethods=578 adapters=207
 compilation: enabled

Compilation events (10 events):
Event: 2.057 Thread 0x00000040080c0000 nmethod 573 0x000000400d427310 code [0x000000400d427480, 0x000000400d4276a8]
Event: 2.057 Thread 0x00000040080c0000  577       3       com.sun.tools.javac.code.Types::capture (573 bytes)
Event: 2.066 Thread 0x00000040080c0000 nmethod 577 0x000000400d43bf10 code [0x000000400d43c5a0, 0x000000400d4414e8]
Event: 2.066 Thread 0x00000040080c0000  578       3       com.sun.tools.javac.code.Symbol$ClassSymbol::erasure (38 bytes)
Event: 2.068 Thread 0x00000040080c0000 nmethod 578 0x000000400d428610 code [0x000000400d428820, 0x000000400d4292e8]
Event: 2.068 Thread 0x00000040080c0000  575       3       com.sun.tools.javac.code.Type$MethodType::<init> (22 bytes)
Event: 2.068 Thread 0x00000040080c0000 nmethod 575 0x000000400d426d90 code [0x000000400d426f00, 0x000000400d4271b0]
Event: 2.068 Thread 0x00000040080c0000  574   !   3       java.lang.Class::getEnumConstantsShared (73 bytes)
Event: 2.070 Thread 0x00000040080c0000 nmethod 574 0x000000400d42a790 code [0x000000400d42a980, 0x000000400d42b3a8]
Event: 2.269 Thread 0x00000040080ba000 nmethod 399% 0x000000400d44d3d0 code [0x000000400d44dbc0, 0x000000400d453fd8]

GC Heap History (10 events):
Event: 0.987 GC heap before
{Heap before GC invocations=3 (full 0):
 PSYoungGen      total 3584K, used 3503K [0x00000000d7200000, 0x00000000d7600000, 0x0000000100000000)
  eden space 3072K, 97% used [0x00000000d7200000,0x00000000d74ebfd0,0x00000000d7500000)
  from space 512K, 100% used [0x00000000d7580000,0x00000000d7600000,0x00000000d7600000)
  to   space 512K, 0% used [0x00000000d7500000,0x00000000d7500000,0x00000000d7580000)
 ParOldGen       total 5632K, used 112K [0x0000000085600000, 0x0000000085b80000, 0x00000000d7200000)
  object space 5632K, 1% used [0x0000000085600000,0x000000008561c030,0x0000000085b80000)
 Metaspace       used 4765K, capacity 5964K, committed 6272K, reserved 1056768K
  class space    used 558K, capacity 584K, committed 640K, reserved 1048576K
Event: 0.998 GC heap after
Heap after GC invocations=3 (full 0):
 PSYoungGen      total 3584K, used 511K [0x00000000d7200000, 0x00000000d7900000, 0x0000000100000000)
  eden space 3072K, 0% used [0x00000000d7200000,0x00000000d7200000,0x00000000d7500000)
  from space 512K, 99% used [0x00000000d7500000,0x00000000d757fc10,0x00000000d7580000)
  to   space 512K, 0% used [0x00000000d7880000,0x00000000d7880000,0x00000000d7900000)
 ParOldGen       total 5632K, used 640K [0x0000000085600000, 0x0000000085b80000, 0x00000000d7200000)
  object space 5632K, 11% used [0x0000000085600000,0x00000000856a0080,0x0000000085b80000)
 Metaspace       used 4765K, capacity 5964K, committed 6272K, reserved 1056768K
  class space    used 558K, capacity 584K, committed 640K, reserved 1048576K
}
Event: 1.139 GC heap before
{Heap before GC invocations=4 (full 0):
 PSYoungGen      total 3584K, used 3583K [0x00000000d7200000, 0x00000000d7900000, 0x0000000100000000)
  eden space 3072K, 100% used [0x00000000d7200000,0x00000000d7500000,0x00000000d7500000)
  from space 512K, 99% used [0x00000000d7500000,0x00000000d757fc10,0x00000000d7580000)
  to   space 512K, 0% used [0x00000000d7880000,0x00000000d7880000,0x00000000d7900000)
 ParOldGen       total 5632K, used 640K [0x0000000085600000, 0x0000000085b80000, 0x00000000d7200000)
  object space 5632K, 11% used [0x0000000085600000,0x00000000856a0080,0x0000000085b80000)
 Metaspace       used 5592K, capacity 6796K, committed 6912K, reserved 1056768K
  class space    used 681K, capacity 712K, committed 768K, reserved 1048576K
Event: 1.143 GC heap after
Heap after GC invocations=4 (full 0):
 PSYoungGen      total 6656K, used 512K [0x00000000d7200000, 0x00000000d7900000, 0x0000000100000000)
  eden space 6144K, 0% used [0x00000000d7200000,0x00000000d7200000,0x00000000d7800000)
  from space 512K, 100% used [0x00000000d7880000,0x00000000d7900000,0x00000000d7900000)
  to   space 512K, 0% used [0x00000000d7800000,0x00000000d7800000,0x00000000d7880000)
 ParOldGen       total 5632K, used 720K [0x0000000085600000, 0x0000000085b80000, 0x00000000d7200000)
  object space 5632K, 12% used [0x0000000085600000,0x00000000856b4080,0x0000000085b80000)
 Metaspace       used 5592K, capacity 6796K, committed 6912K, reserved 1056768K
  class space    used 681K, capacity 712K, committed 768K, reserved 1048576K
}
Event: 1.508 GC heap before
{Heap before GC invocations=5 (full 0):
 PSYoungGen      total 6656K, used 6656K [0x00000000d7200000, 0x00000000d7900000, 0x0000000100000000)
  eden space 6144K, 100% used [0x00000000d7200000,0x00000000d7800000,0x00000000d7800000)
  from space 512K, 100% used [0x00000000d7880000,0x00000000d7900000,0x00000000d7900000)
  to   space 512K, 0% used [0x00000000d7800000,0x00000000d7800000,0x00000000d7880000)
 ParOldGen       total 5632K, used 720K [0x0000000085600000, 0x0000000085b80000, 0x00000000d7200000)
  object space 5632K, 12% used [0x0000000085600000,0x00000000856b4080,0x0000000085b80000)
 Metaspace       used 7134K, capacity 8052K, committed 8320K, reserved 1056768K
  class space    used 855K, capacity 880K, committed 896K, reserved 1048576K
Event: 1.519 GC heap after
Heap after GC invocations=5 (full 0):
 PSYoungGen      total 6656K, used 512K [0x00000000d7200000, 0x00000000d8300000, 0x0000000100000000)
  eden space 6144K, 0% used [0x00000000d7200000,0x00000000d7200000,0x00000000d7800000)
  from space 512K, 100% used [0x00000000d7800000,0x00000000d7880000,0x00000000d7880000)
  to   space 2560K, 0% used [0x00000000d8080000,0x00000000d8080000,0x00000000d8300000)
 ParOldGen       total 5632K, used 2924K [0x0000000085600000, 0x0000000085b80000, 0x00000000d7200000)
  object space 5632K, 51% used [0x0000000085600000,0x00000000858db2e8,0x0000000085b80000)
 Metaspace       used 7134K, capacity 8052K, committed 8320K, reserved 1056768K
  class space    used 855K, capacity 880K, committed 896K, reserved 1048576K
}
Event: 1.818 GC heap before
{Heap before GC invocations=6 (full 0):
 PSYoungGen      total 6656K, used 6656K [0x00000000d7200000, 0x00000000d8300000, 0x0000000100000000)
  eden space 6144K, 100% used [0x00000000d7200000,0x00000000d7800000,0x00000000d7800000)
  from space 512K, 100% used [0x00000000d7800000,0x00000000d7880000,0x00000000d7880000)
  to   space 2560K, 0% used [0x00000000d8080000,0x00000000d8080000,0x00000000d8300000)
 ParOldGen       total 5632K, used 2924K [0x0000000085600000, 0x0000000085b80000, 0x00000000d7200000)
  object space 5632K, 51% used [0x0000000085600000,0x00000000858db2e8,0x0000000085b80000)
 Metaspace       used 7433K, capacity 8276K, committed 8448K, reserved 1056768K
  class space    used 881K, capacity 912K, committed 1024K, reserved 1048576K
Event: 1.828 GC heap after
Heap after GC invocations=6 (full 0):
 PSYoungGen      total 13312K, used 2551K [0x00000000d7200000, 0x00000000d8600000, 0x0000000100000000)
  eden space 10752K, 0% used [0x00000000d7200000,0x00000000d7200000,0x00000000d7c80000)
  from space 2560K, 99% used [0x00000000d8080000,0x00000000d82fdda8,0x00000000d8300000)
  to   space 4096K, 0% used [0x00000000d7c80000,0x00000000d7c80000,0x00000000d8080000)
 ParOldGen       total 5632K, used 4068K [0x0000000085600000, 0x0000000085b80000, 0x00000000d7200000)
  object space 5632K, 72% used [0x0000000085600000,0x00000000859f92e8,0x0000000085b80000)
 Metaspace       used 7433K, capacity 8276K, committed 8448K, reserved 1056768K
  class space    used 881K, capacity 912K, committed 1024K, reserved 1048576K
}
Event: 1.828 GC heap before
{Heap before GC invocations=7 (full 1):
 PSYoungGen      total 13312K, used 2551K [0x00000000d7200000, 0x00000000d8600000, 0x0000000100000000)
  eden space 10752K, 0% used [0x00000000d7200000,0x00000000d7200000,0x00000000d7c80000)
  from space 2560K, 99% used [0x00000000d8080000,0x00000000d82fdda8,0x00000000d8300000)
  to   space 4096K, 0% used [0x00000000d7c80000,0x00000000d7c80000,0x00000000d8080000)
 ParOldGen       total 5632K, used 4068K [0x0000000085600000, 0x0000000085b80000, 0x00000000d7200000)
  object space 5632K, 72% used [0x0000000085600000,0x00000000859f92e8,0x0000000085b80000)
 Metaspace       used 7433K, capacity 8276K, committed 8448K, reserved 1056768K
  class space    used 881K, capacity 912K, committed 1024K, reserved 1048576K
Event: 1.892 GC heap after
Heap after GC invocations=7 (full 1):
 PSYoungGen      total 13312K, used 0K [0x00000000d7200000, 0x00000000d8600000, 0x0000000100000000)
  eden space 10752K, 0% used [0x00000000d7200000,0x00000000d7200000,0x00000000d7c80000)
  from space 2560K, 0% used [0x00000000d8080000,0x00000000d8080000,0x00000000d8300000)
  to   space 4096K, 0% used [0x00000000d7c80000,0x00000000d7c80000,0x00000000d8080000)
 ParOldGen       total 9728K, used 4798K [0x0000000085600000, 0x0000000085f80000, 0x00000000d7200000)
  object space 9728K, 49% used [0x0000000085600000,0x0000000085aaf860,0x0000000085f80000)
 Metaspace       used 7433K, capacity 8276K, committed 8448K, reserved 1056768K
  class space    used 881K, capacity 912K, committed 1024K, reserved 1048576K
}

Deoptimization events (7 events):
Event: 1.237 Thread 0x000000400800a800 Uncommon trap: reason=null_check action=make_not_entrant pc=0x000000400d34c1a4 method=java.lang.String.equals(Ljava/lang/Object;)Z @ 8
Event: 1.375 Thread 0x000000400800a800 Uncommon trap: reason=unstable_if action=reinterpret pc=0x000000400d340010 method=java.lang.String.replace(CC)Ljava/lang/String; @ 2
Event: 1.383 Thread 0x000000400800a800 Uncommon trap: reason=class_check action=maybe_recompile pc=0x000000400d3613ac method=sun.misc.URLClassPath.getLoader(I)Lsun/misc/URLClassPath$Loader; @ 94
Event: 1.384 Thread 0x000000400800a800 Uncommon trap: reason=unstable_if action=reinterpret pc=0x000000400d35f71c method=java.lang.String.indexOf([CII[CIII)I @ 134
Event: 1.435 Thread 0x000000400800a800 Uncommon trap: reason=unstable_if action=reinterpret pc=0x000000400d37d3a0 method=java.lang.String.<init>([CII)V @ 18
Event: 1.439 Thread 0x000000400800a800 Uncommon trap: reason=unstable_if action=reinterpret pc=0x000000400d3672bc method=java.util.zip.ZipCoder.encoder()Ljava/nio/charset/CharsetEncoder; @ 4
Event: 1.445 Thread 0x000000400800a800 Uncommon trap: reason=unstable_if action=reinterpret pc=0x000000400d34e23c method=java.util.zip.ZipCoder.encoder()Ljava/nio/charset/CharsetEncoder; @ 4

Classes redefined (0 events):
No events

Internal exceptions (10 events):
Event: 0.698 Thread 0x000000400800a800 Exception <a 'java/security/PrivilegedActionException'> (0x00000000d72294b0) thrown at [/build/openjdk-8-8u162-b12/src/hotspot/src/share/vm/prims/jvm.cpp, line 1390]
Event: 0.698 Thread 0x000000400800a800 Exception <a 'java/security/PrivilegedActionException'> (0x00000000d72298a8) thrown at [/build/openjdk-8-8u162-b12/src/hotspot/src/share/vm/prims/jvm.cpp, line 1390]
Event: 0.698 Thread 0x000000400800a800 Exception <a 'java/security/PrivilegedActionException'> (0x00000000d722a568) thrown at [/build/openjdk-8-8u162-b12/src/hotspot/src/share/vm/prims/jvm.cpp, line 1390]
Event: 0.698 Thread 0x000000400800a800 Exception <a 'java/security/PrivilegedActionException'> (0x00000000d722a960) thrown at [/build/openjdk-8-8u162-b12/src/hotspot/src/share/vm/prims/jvm.cpp, line 1390]
Event: 0.727 Thread 0x000000400800a800 Exception <a 'java/security/PrivilegedActionException'> (0x00000000d7262228) thrown at [/build/openjdk-8-8u162-b12/src/hotspot/src/share/vm/prims/jvm.cpp, line 1390]
Event: 0.727 Thread 0x000000400800a800 Exception <a 'java/security/PrivilegedActionException'> (0x00000000d7262620) thrown at [/build/openjdk-8-8u162-b12/src/hotspot/src/share/vm/prims/jvm.cpp, line 1390]
Event: 1.236 Thread 0x000000400800a800 Implicit null exception at 0x000000400d34bfda to 0x000000400d34c195
Event: 1.636 Thread 0x000000400800a800 Exception <a 'java/io/FileNotFoundException'> (0x00000000d7494368) thrown at [/build/openjdk-8-8u162-b12/src/hotspot/src/share/vm/prims/jni.cpp, line 709]
Event: 1.653 Thread 0x000000400800a800 Exception <a 'java/io/FileNotFoundException'> (0x00000000d74c3418) thrown at [/build/openjdk-8-8u162-b12/src/hotspot/src/share/vm/prims/jni.cpp, line 709]
Event: 1.653 Thread 0x000000400800a800 Exception <a 'java/io/FileNotFoundException'> (0x00000000d74c3d10) thrown at [/build/openjdk-8-8u162-b12/src/hotspot/src/share/vm/prims/jni.cpp, line 709]

Events (10 events):
Event: 2.044 loading class com/sun/tools/javac/code/Types$DescriptorFilter
Event: 2.044 loading class com/sun/tools/javac/code/Types$DescriptorFilter done
Event: 2.046 loading class com/sun/tools/javac/code/Types$MethodFilter
Event: 2.046 loading class com/sun/tools/javac/code/Types$MethodFilter done
Event: 2.047 loading class com/sun/tools/javac/code/Kinds
Event: 2.047 loading class com/sun/tools/javac/code/Kinds done
Event: 2.048 loading class com/sun/tools/javac/code/Kinds$1
Event: 2.048 loading class com/sun/tools/javac/code/Kinds$1 done
Event: 2.049 loading class com/sun/tools/javac/code/Kinds$KindName
Event: 2.049 loading class com/sun/tools/javac/code/Kinds$KindName done


Dynamic libraries:
00200000-002b5000 r--p 00000000 fe:20 20434884                           /usr/bin/qemu-x86_64
002c4000-00461000 r-xp 000b4000 fe:20 20434884                           /usr/bin/qemu-x86_64
00470000-004ab000 rw-p 00250000 fe:20 20434884                           /usr/bin/qemu-x86_64
004ba000-004cf000 rw-p 0028a000 fe:20 20434884                           /usr/bin/qemu-x86_64
004cf000-004ef000 rw-p 00000000 00:00 0 
23e59000-23e5a000 ---p 00000000 00:00 0                                  [heap]
23e5a000-23e68000 rw-p 00000000 00:00 0                                  [heap]
85600000-85f80000 rw-p 00000000 00:00 0 
85f80000-d7200000 ---p 00000000 00:00 0 
d7200000-d8600000 rw-p 00000000 00:00 0 
d8600000-100000000 ---p 00000000 00:00 0 
100000000-100100000 rw-p 00000000 00:00 0 
100100000-140000000 ---p 00000000 00:00 0 
4000000000-4000001000 r--p 00000000 fe:01 277926                         /usr/lib/jvm/java-8-openjdk-amd64/bin/javac
4000001000-4000200000 ---p 00000000 00:00 0 
4000200000-4000201000 r--p 00000000 fe:01 277926                         /usr/lib/jvm/java-8-openjdk-amd64/bin/javac
4000201000-4000202000 rw-p 00001000 fe:01 277926                         /usr/lib/jvm/java-8-openjdk-amd64/bin/javac
4000202000-4000223000 rw-p 00000000 00:00 0 
4001202000-4001203000 ---p 00000000 00:00 0 
4001203000-4001a03000 rw-p 00000000 00:00 0 
4001a03000-4001a26000 r--p 00000000 fe:01 262524                         /lib/x86_64-linux-gnu/ld-2.24.so
4001a26000-4001c26000 ---p 00000000 00:00 0 
4001c26000-4001c27000 r--p 00023000 fe:01 262524                         /lib/x86_64-linux-gnu/ld-2.24.so
4001c27000-4001c28000 rw-p 00024000 fe:01 262524                         /lib/x86_64-linux-gnu/ld-2.24.so
4001c28000-4001c2e000 rw-p 00000000 00:00 0 
4001c36000-4001c4e000 r--p 00000000 fe:01 262601                         /lib/x86_64-linux-gnu/libpthread-2.24.so
4001c4e000-4001e4d000 ---p 00018000 fe:01 262601                         /lib/x86_64-linux-gnu/libpthread-2.24.so
4001e4d000-4001e4e000 r--p 00017000 fe:01 262601                         /lib/x86_64-linux-gnu/libpthread-2.24.so
4001e4e000-4001e4f000 rw-p 00018000 fe:01 262601                         /lib/x86_64-linux-gnu/libpthread-2.24.so
4001e4f000-4001e53000 rw-p 00000000 00:00 0 
4001e53000-4001e6c000 r--p 00000000 fe:01 262626                         /lib/x86_64-linux-gnu/libz.so.1.2.8
4001e6c000-400206b000 ---p 00019000 fe:01 262626                         /lib/x86_64-linux-gnu/libz.so.1.2.8
400206b000-400206c000 r--p 00018000 fe:01 262626                         /lib/x86_64-linux-gnu/libz.so.1.2.8
400206c000-400206d000 rw-p 00019000 fe:01 262626                         /lib/x86_64-linux-gnu/libz.so.1.2.8
400206d000-400207a000 r--p 00000000 fe:01 277990                         /usr/lib/jvm/java-8-openjdk-amd64/jre/lib/amd64/jli/libjli.so
400207a000-400227a000 ---p 0000d000 fe:01 277990                         /usr/lib/jvm/java-8-openjdk-amd64/jre/lib/amd64/jli/libjli.so
400227a000-400227b000 r--p 0000d000 fe:01 277990                         /usr/lib/jvm/java-8-openjdk-amd64/jre/lib/amd64/jli/libjli.so
400227b000-400227c000 rw-p 0000e000 fe:01 277990                         /usr/lib/jvm/java-8-openjdk-amd64/jre/lib/amd64/jli/libjli.so
400227c000-400227f000 r--p 00000000 fe:01 262552                         /lib/x86_64-linux-gnu/libdl-2.24.so
400227f000-400247e000 ---p 00003000 fe:01 262552                         /lib/x86_64-linux-gnu/libdl-2.24.so
400247e000-400247f000 r--p 00002000 fe:01 262552                         /lib/x86_64-linux-gnu/libdl-2.24.so
400247f000-4002480000 rw-p 00003000 fe:01 262552                         /lib/x86_64-linux-gnu/libdl-2.24.so
4002480000-4002615000 r--p 00000000 fe:01 262542                         /lib/x86_64-linux-gnu/libc-2.24.so
4002615000-4002815000 ---p 00195000 fe:01 262542                         /lib/x86_64-linux-gnu/libc-2.24.so
4002815000-4002819000 r--p 00195000 fe:01 262542                         /lib/x86_64-linux-gnu/libc-2.24.so
4002819000-400281b000 rw-p 00199000 fe:01 262542                         /lib/x86_64-linux-gnu/libc-2.24.so
400281b000-4002821000 rw-p 00000000 00:00 0 
4002821000-400347b000 r--p 00000000 fe:01 278032                         /usr/lib/jvm/java-8-openjdk-amd64/jre/lib/amd64/server/libjvm.so
400347b000-400367a000 ---p 00c5a000 fe:01 278032                         /usr/lib/jvm/java-8-openjdk-amd64/jre/lib/amd64/server/libjvm.so
400367a000-400370e000 r--p 00c59000 fe:01 278032                         /usr/lib/jvm/java-8-openjdk-amd64/jre/lib/amd64/server/libjvm.so
400370e000-4003737000 rw-p 00ced000 fe:01 278032                         /usr/lib/jvm/java-8-openjdk-amd64/jre/lib/amd64/server/libjvm.so
4003737000-4003767000 rw-p 00000000 00:00 0 
400376f000-40038e1000 r--p 00000000 fe:01 263324                         /usr/lib/x86_64-linux-gnu/libstdc++.so.6.0.22
40038e1000-4003ae1000 ---p 00172000 fe:01 263324                         /usr/lib/x86_64-linux-gnu/libstdc++.so.6.0.22
4003ae1000-4003aeb000 r--p 00172000 fe:01 263324                         /usr/lib/x86_64-linux-gnu/libstdc++.so.6.0.22
4003aeb000-4003aed000 rw-p 0017c000 fe:01 263324                         /usr/lib/x86_64-linux-gnu/libstdc++.so.6.0.22
4003aed000-4003af1000 rw-p 00000000 00:00 0 
4003af1000-4003bf4000 r--p 00000000 fe:01 262567                         /lib/x86_64-linux-gnu/libm-2.24.so
4003bf4000-4003df3000 ---p 00103000 fe:01 262567                         /lib/x86_64-linux-gnu/libm-2.24.so
4003df3000-4003df4000 r--p 00102000 fe:01 262567                         /lib/x86_64-linux-gnu/libm-2.24.so
4003df4000-4003df5000 rw-p 00103000 fe:01 262567                         /lib/x86_64-linux-gnu/libm-2.24.so
4003df5000-4003e0b000 r--p 00000000 fe:01 262560                         /lib/x86_64-linux-gnu/libgcc_s.so.1
4003e0b000-400400a000 ---p 00016000 fe:01 262560                         /lib/x86_64-linux-gnu/libgcc_s.so.1
400400a000-400400b000 r--p 00015000 fe:01 262560                         /lib/x86_64-linux-gnu/libgcc_s.so.1
400400b000-400400c000 rw-p 00016000 fe:01 262560                         /lib/x86_64-linux-gnu/libgcc_s.so.1
400400c000-400400f000 ---p 00000000 00:00 0 
400400f000-400410d000 rw-p 00000000 00:00 0 
4008000000-4008489000 rw-p 00000000 00:00 0 
4008489000-400c000000 ---p 00000000 00:00 0 
400c115000-400c11c000 r--p 00000000 fe:01 262605                         /lib/x86_64-linux-gnu/librt-2.24.so
400c11c000-400c31b000 ---p 00007000 fe:01 262605                         /lib/x86_64-linux-gnu/librt-2.24.so
400c31b000-400c31c000 r--p 00006000 fe:01 262605                         /lib/x86_64-linux-gnu/librt-2.24.so
400c31c000-400c31d000 rw-p 00007000 fe:01 262605                         /lib/x86_64-linux-gnu/librt-2.24.so
400c31d000-400c32c000 r--p 00000000 fe:01 278026                         /usr/lib/jvm/java-8-openjdk-amd64/jre/lib/amd64/libverify.so
400c32c000-400c52c000 ---p 0000f000 fe:01 278026                         /usr/lib/jvm/java-8-openjdk-amd64/jre/lib/amd64/libverify.so
400c52c000-400c52e000 r--p 0000f000 fe:01 278026                         /usr/lib/jvm/java-8-openjdk-amd64/jre/lib/amd64/libverify.so
400c52e000-400c52f000 rw-p 00011000 fe:01 278026                         /usr/lib/jvm/java-8-openjdk-amd64/jre/lib/amd64/libverify.so
400c52f000-400c55c000 r--p 00000000 fe:01 278006                         /usr/lib/jvm/java-8-openjdk-amd64/jre/lib/amd64/libjava.so
400c55c000-400c75c000 ---p 0002d000 fe:01 278006                         /usr/lib/jvm/java-8-openjdk-amd64/jre/lib/amd64/libjava.so
400c75c000-400c75d000 r--p 0002d000 fe:01 278006                         /usr/lib/jvm/java-8-openjdk-amd64/jre/lib/amd64/libjava.so
400c75d000-400c75f000 rw-p 0002e000 fe:01 278006                         /usr/lib/jvm/java-8-openjdk-amd64/jre/lib/amd64/libjava.so
400c75f000-400c760000 ---p 00000000 00:00 0 
400c760000-400c761000 rw-p 00000000 00:00 0 
400c769000-400c770000 r--p 00000000 fe:01 262580                         /lib/x86_64-linux-gnu/libnss_compat-2.24.so
400c770000-400c96f000 ---p 00007000 fe:01 262580                         /lib/x86_64-linux-gnu/libnss_compat-2.24.so
400c96f000-400c970000 r--p 00006000 fe:01 262580                         /lib/x86_64-linux-gnu/libnss_compat-2.24.so
400c970000-400c971000 rw-p 00007000 fe:01 262580                         /lib/x86_64-linux-gnu/libnss_compat-2.24.so
400c971000-400c985000 r--p 00000000 fe:01 262578                         /lib/x86_64-linux-gnu/libnsl-2.24.so
400c985000-400cb85000 ---p 00014000 fe:01 262578                         /lib/x86_64-linux-gnu/libnsl-2.24.so
400cb85000-400cb86000 r--p 00014000 fe:01 262578                         /lib/x86_64-linux-gnu/libnsl-2.24.so
400cb86000-400cb87000 rw-p 00015000 fe:01 262578                         /lib/x86_64-linux-gnu/libnsl-2.24.so
400cb87000-400cb89000 rw-p 00000000 00:00 0 
400cb91000-400cb9c000 r--p 00000000 fe:01 262588                         /lib/x86_64-linux-gnu/libnss_nis-2.24.so
400cb9c000-400cd9b000 ---p 0000b000 fe:01 262588                         /lib/x86_64-linux-gnu/libnss_nis-2.24.so
400cd9b000-400cd9c000 r--p 0000a000 fe:01 262588                         /lib/x86_64-linux-gnu/libnss_nis-2.24.so
400cd9c000-400cd9d000 rw-p 0000b000 fe:01 262588                         /lib/x86_64-linux-gnu/libnss_nis-2.24.so
400cd9d000-400cda7000 r--p 00000000 fe:01 262584                         /lib/x86_64-linux-gnu/libnss_files-2.24.so
400cda7000-400cfa7000 ---p 0000a000 fe:01 262584                         /lib/x86_64-linux-gnu/libnss_files-2.24.so
400cfa7000-400cfa8000 r--p 0000a000 fe:01 262584                         /lib/x86_64-linux-gnu/libnss_files-2.24.so
400cfa8000-400cfa9000 rw-p 0000b000 fe:01 262584                         /lib/x86_64-linux-gnu/libnss_files-2.24.so
400cfa9000-400cfaf000 rw-p 00000000 00:00 0 
400cfb0000-400cfb8000 rw-s 00000000 fe:01 398909                         /tmp/hsperfdata_root/4914
400cfb8000-400cfc0000 r--p 00000000 fe:01 278027                         /usr/lib/jvm/java-8-openjdk-amd64/jre/lib/amd64/libzip.so
400cfc0000-400d1bf000 ---p 00008000 fe:01 278027                         /usr/lib/jvm/java-8-openjdk-amd64/jre/lib/amd64/libzip.so
400d1bf000-400d1c0000 r--p 00007000 fe:01 278027                         /usr/lib/jvm/java-8-openjdk-amd64/jre/lib/amd64/libzip.so
400d1c0000-400d1c1000 rw-p 00008000 fe:01 278027                         /usr/lib/jvm/java-8-openjdk-amd64/jre/lib/amd64/libzip.so
400d1c1000-400d1c2000 r-xp 00000000 00:00 0 
400d1c2000-400d1c6000 rw-p 00000000 00:00 0 
400d1c6000-400d1c7000 r-xp 00000000 00:00 0 
400d1c7000-400d1c8000 rw-p 00000000 00:00 0 
400d1c8000-400d1cb000 r-xp 00000000 00:00 0 
400d1cb000-400d1d2000 rw-p 00000000 00:00 0 
400d1d2000-400d1d7000 r-xp 00000000 00:00 0 
400d1d7000-400d1d8000 rw-p 00000000 00:00 0 
400d1d8000-400d1ea000 r-xp 00000000 00:00 0 
400d1ea000-400d206000 rw-p 00000000 00:00 0 
400d206000-400d209000 r-xp 00000000 00:00 0 
400d209000-400d20e000 rw-p 00000000 00:00 0 
400d20e000-400d214000 r-xp 00000000 00:00 0 
400d214000-400d215000 rw-p 00000000 00:00 0 
400d215000-400d216000 r-xp 00000000 00:00 0 
400d216000-400d218000 rw-p 00000000 00:00 0 
400d218000-400d21b000 r-xp 00000000 00:00 0 
400d21b000-400d222000 rw-p 00000000 00:00 0 
400d222000-400d228000 r-xp 00000000 00:00 0 
400d228000-400d22a000 rw-p 00000000 00:00 0 
400d22a000-400d22d000 r-xp 00000000 00:00 0 
400d22d000-400d2ba000 rw-p 00000000 00:00 0 
400d2ba000-400d2bb000 r-xp 00000000 00:00 0 
400d2bb000-400d2c3000 rw-p 00000000 00:00 0 
400d2c3000-400d2c7000 r-xp 00000000 00:00 0 
400d2c7000-400d2c8000 rw-p 00000000 00:00 0 
400d2c8000-400d2ce000 r-xp 00000000 00:00 0 
400d2ce000-400d2d1000 rwxp 00000000 00:00 0 
400d2d1000-400d2d5000 r-xp 00000000 00:00 0 
400d2d5000-400d2d7000 rwxp 00000000 00:00 0 
400d2d7000-400d2da000 r-xp 00000000 00:00 0 
400d2da000-400d2dc000 rwxp 00000000 00:00 0 
400d2dc000-400d2dd000 rw-p 00000000 00:00 0 
400d2dd000-400d2df000 r-xp 00000000 00:00 0 
400d2df000-400d2e0000 rwxp 00000000 00:00 0 
400d2e0000-400d2e1000 r-xp 00000000 00:00 0 
400d2e1000-400d2e2000 rw-p 00000000 00:00 0 
400d2e2000-400d2e7000 r-xp 00000000 00:00 0 
400d2e7000-400d2e8000 rwxp 00000000 00:00 0 
400d2e8000-400d2ef000 r-xp 00000000 00:00 0 
400d2ef000-400d2f2000 rw-p 00000000 00:00 0 
400d2f2000-400d2f3000 r-xp 00000000 00:00 0 
400d2f3000-400d2f6000 rw-p 00000000 00:00 0 
400d2f6000-400d30f000 r-xp 00000000 00:00 0 
400d30f000-400d310000 rw-p 00000000 00:00 0 
400d310000-400d330000 r-xp 00000000 00:00 0 
400d330000-400d331000 rw-p 00000000 00:00 0 
400d331000-400d332000 rwxp 00000000 00:00 0 
400d332000-400d33a000 r-xp 00000000 00:00 0 
400d33a000-400d33b000 rw-p 00000000 00:00 0 
400d33b000-400d33f000 r-xp 00000000 00:00 0 
400d33f000-400d340000 rwxp 00000000 00:00 0 
400d340000-400d347000 r-xp 00000000 00:00 0 
400d347000-400d348000 rwxp 00000000 00:00 0 
400d348000-400d349000 r-xp 00000000 00:00 0 
400d349000-400d34a000 rwxp 00000000 00:00 0 
400d34a000-400d354000 r-xp 00000000 00:00 0 
400d354000-400d357000 rw-p 00000000 00:00 0 
400d357000-400d35f000 r-xp 00000000 00:00 0 
400d35f000-400d360000 rwxp 00000000 00:00 0 
400d360000-400d366000 r-xp 00000000 00:00 0 
400d366000-400d368000 rwxp 00000000 00:00 0 
400d368000-400d370000 r-xp 00000000 00:00 0 
400d370000-400d371000 rw-p 00000000 00:00 0 
400d371000-400d376000 r-xp 00000000 00:00 0 
400d376000-400d378000 rwxp 00000000 00:00 0 
400d378000-400d37b000 r-xp 00000000 00:00 0 
400d37b000-400d37d000 rwxp 00000000 00:00 0 
400d37d000-400d37f000 r-xp 00000000 00:00 0 
400d37f000-400d380000 rw-p 00000000 00:00 0 
400d380000-400d383000 r-xp 00000000 00:00 0 
400d383000-400d384000 rwxp 00000000 00:00 0 
400d384000-400d385000 r-xp 00000000 00:00 0 
400d385000-400d386000 rwxp 00000000 00:00 0 
400d386000-400d38a000 r-xp 00000000 00:00 0 
400d38a000-400d38c000 rwxp 00000000 00:00 0 
400d38c000-400d390000 r-xp 00000000 00:00 0 
400d390000-400d391000 rw-p 00000000 00:00 0 
400d391000-400d393000 r-xp 00000000 00:00 0 
400d393000-400d395000 rwxp 00000000 00:00 0 
400d395000-400d396000 rw-p 00000000 00:00 0 
400d396000-400d397000 rwxp 00000000 00:00 0 
400d397000-400d399000 r-xp 00000000 00:00 0 
400d399000-400d3a0000 rwxp 00000000 00:00 0 
400d3a0000-400d3a1000 rw-p 00000000 00:00 0 
400d3a1000-400d3a3000 rwxp 00000000 00:00 0 
400d3a3000-400d3a5000 r-xp 00000000 00:00 0 
400d3a5000-400d3aa000 rwxp 00000000 00:00 0 
400d3aa000-400d3b4000 r-xp 00000000 00:00 0 
400d3b4000-400d3b8000 rwxp 00000000 00:00 0 
400d3b8000-400d3ba000 r-xp 00000000 00:00 0 
400d3ba000-400d3bc000 rwxp 00000000 00:00 0 
400d3bc000-400d3bd000 r-xp 00000000 00:00 0 
400d3bd000-400d3be000 rwxp 00000000 00:00 0 
400d3be000-400d3bf000 r-xp 00000000 00:00 0 
400d3bf000-400d3c0000 rwxp 00000000 00:00 0 
400d3c0000-400d3c5000 r-xp 00000000 00:00 0 
400d3c5000-400d3c8000 rw-p 00000000 00:00 0 
400d3c8000-400d3c9000 rwxp 00000000 00:00 0 
400d3c9000-400d3ca000 r-xp 00000000 00:00 0 
400d3ca000-400d3cb000 rwxp 00000000 00:00 0 
400d3cb000-400d3cc000 r-xp 00000000 00:00 0 
400d3cc000-400d3cd000 rwxp 00000000 00:00 0 
400d3cd000-400d3ce000 r-xp 00000000 00:00 0 
400d3ce000-400d3cf000 rw-p 00000000 00:00 0 
400d3cf000-400d3d1000 r-xp 00000000 00:00 0 
400d3d1000-400d3d2000 rw-p 00000000 00:00 0 
400d3d2000-400d3de000 r-xp 00000000 00:00 0 
400d3de000-400d3e0000 rwxp 00000000 00:00 0 
400d3e0000-400d3e1000 r-xp 00000000 00:00 0 
400d3e1000-400d3e2000 rwxp 00000000 00:00 0 
400d3e2000-400d3e4000 r-xp 00000000 00:00 0 
400d3e4000-400d3e5000 rwxp 00000000 00:00 0 
400d3e5000-400d3e9000 r-xp 00000000 00:00 0 
400d3e9000-400d3ea000 rwxp 00000000 00:00 0 
400d3ea000-400d3eb000 r-xp 00000000 00:00 0 
400d3eb000-400d3ec000 rw-p 00000000 00:00 0 
400d3ec000-400d3ed000 r-xp 00000000 00:00 0 
400d3ed000-400d3ee000 rw-p 00000000 00:00 0 
400d3ee000-400d3f2000 r-xp 00000000 00:00 0 
400d3f2000-400d3f3000 rw-p 00000000 00:00 0 
400d3f3000-400d3f4000 r-xp 00000000 00:00 0 
400d3f4000-400d3f6000 rwxp 00000000 00:00 0 
400d3f6000-400d3f7000 rw-p 00000000 00:00 0 
400d3f7000-400d3f8000 rwxp 00000000 00:00 0 
400d3f8000-400d3f9000 rw-p 00000000 00:00 0 
400d3f9000-400d3fa000 r-xp 00000000 00:00 0 
400d3fa000-400d3fc000 rw-p 00000000 00:00 0 
400d3fc000-400d400000 r-xp 00000000 00:00 0 
400d400000-400d401000 rw-p 00000000 00:00 0 
400d401000-400d405000 r-xp 00000000 00:00 0 
400d405000-400d408000 rw-p 00000000 00:00 0 
400d408000-400d40a000 r-xp 00000000 00:00 0 
400d40a000-400d40b000 rwxp 00000000 00:00 0 
400d40b000-400d40c000 rw-p 00000000 00:00 0 
400d40c000-400d40d000 r-xp 00000000 00:00 0 
400d40d000-400d40e000 rwxp 00000000 00:00 0 
400d40e000-400d426000 r-xp 00000000 00:00 0 
400d426000-400d428000 rwxp 00000000 00:00 0 
400d428000-400d429000 rw-p 00000000 00:00 0 
400d429000-400d42a000 rwxp 00000000 00:00 0 
400d42a000-400d42b000 rw-p 00000000 00:00 0 
400d42b000-400d42c000 rwxp 00000000 00:00 0 
400d42c000-400d42e000 rw-p 00000000 00:00 0 
400d42e000-400d42f000 r-xp 00000000 00:00 0 
400d42f000-400d461000 rw-p 00000000 00:00 0 
400d461000-401c1c1000 ---p 00000000 00:00 0 
401c1c1000-401c1cc000 rw-p 00000000 00:00 0 
401c1cc000-401c581000 ---p 00000000 00:00 0 
401c581000-401c586000 rw-p 00000000 00:00 0 
401c586000-401c80f000 ---p 00000000 00:00 0 
401c80f000-401c819000 rw-p 00000000 00:00 0 
401c819000-401c956000 ---p 00000000 00:00 0 
401c956000-401c95c000 rw-p 00000000 00:00 0 
401c95c000-401cbe5000 ---p 00000000 00:00 0 
401cbe5000-401cbe6000 ---p 00000000 00:00 0 
401cbe6000-401cce6000 rw-p 00000000 00:00 0 
401cce6000-401cce7000 ---p 00000000 00:00 0 
401cce7000-401cde7000 rw-p 00000000 00:00 0 
401cde7000-401cde8000 ---p 00000000 00:00 0 
401cde8000-401cee8000 rw-p 00000000 00:00 0 
401cee8000-401cee9000 ---p 00000000 00:00 0 
401cee9000-401cfe9000 rw-p 00000000 00:00 0 
401cfe9000-401cfea000 ---p 00000000 00:00 0 
401cfea000-401d0ea000 rw-p 00000000 00:00 0 
401d0ea000-401d0eb000 ---p 00000000 00:00 0 
401d0eb000-401d1eb000 rw-p 00000000 00:00 0 
401d1eb000-401d1ec000 ---p 00000000 00:00 0 
401d1ec000-401d2ec000 rw-p 00000000 00:00 0 
401d2ec000-401d2ed000 ---p 00000000 00:00 0 
401d2ed000-401d3ed000 rw-p 00000000 00:00 0 
4020000000-4020021000 rw-p 00000000 00:00 0 
4020021000-4024000000 ---p 00000000 00:00 0 
4028000000-4028021000 rw-p 00000000 00:00 0 
4028021000-402c000000 ---p 00000000 00:00 0 
4030000000-4030021000 rw-p 00000000 00:00 0 
4030021000-4034000000 ---p 00000000 00:00 0 
4038000000-4038021000 rw-p 00000000 00:00 0 
4038021000-403c000000 ---p 00000000 00:00 0 
4040000000-4040021000 rw-p 00000000 00:00 0 
4040021000-4044000000 ---p 00000000 00:00 0 
4048000000-4048021000 rw-p 00000000 00:00 0 
4048021000-404c000000 ---p 00000000 00:00 0 
4050000000-4050021000 rw-p 00000000 00:00 0 
4050021000-4054000000 ---p 00000000 00:00 0 
4058000000-4058021000 rw-p 00000000 00:00 0 
4058021000-405c000000 ---p 00000000 00:00 0 
405d3ed000-4061cf9000 rw-p 00000000 00:00 0 
4061cf9000-4061d39000 ---p 00000000 00:00 0 
4061d39000-4061e32000 rw-p 00000000 00:00 0 
4061e32000-4062000000 r--s 03c2c000 fe:01 278086                         /usr/lib/jvm/java-8-openjdk-amd64/jre/lib/rt.jar
4062000000-4063c92000 rw-p 00000000 00:00 0 
4063c92000-4063c93000 ---p 00000000 00:00 0 
4063c93000-4063d93000 rw-p 00000000 00:00 0 
4064000000-4064021000 rw-p 00000000 00:00 0 
4064021000-4068000000 ---p 00000000 00:00 0 
406bd93000-406bd96000 ---p 00000000 00:00 0 
406bd96000-406be94000 rw-p 00000000 00:00 0 
406c000000-406c021000 rw-p 00000000 00:00 0 
406c021000-4070000000 ---p 00000000 00:00 0 
4073e94000-4073e97000 ---p 00000000 00:00 0 
4073e97000-4073f95000 rw-p 00000000 00:00 0 
4074000000-4074021000 rw-p 00000000 00:00 0 
4074021000-4078000000 ---p 00000000 00:00 0 
407bf95000-407bf96000 r--p 00000000 fe:01 263010                         /usr/lib/locale/C.UTF-8/LC_IDENTIFICATION
407bf96000-407bf9d000 r--s 00000000 fe:01 263296                         /usr/lib/x86_64-linux-gnu/gconv/gconv-modules.cache
407bf9d000-407bf9e000 r--p 00000000 fe:01 263011                         /usr/lib/locale/C.UTF-8/LC_MEASUREMENT
407bf9e000-407bf9f000 r--p 00000000 fe:01 263018                         /usr/lib/locale/C.UTF-8/LC_TELEPHONE
407bf9f000-407bfa0000 r--p 00000000 fe:01 263007                         /usr/lib/locale/C.UTF-8/LC_ADDRESS
407bfa0000-407bfa1000 r--p 00000000 fe:01 263015                         /usr/lib/locale/C.UTF-8/LC_NAME
407bfa1000-407bfa2000 r--p 00000000 fe:01 263017                         /usr/lib/locale/C.UTF-8/LC_PAPER
407bfa2000-407bfa3000 r--p 00000000 fe:01 263013                         /usr/lib/locale/C.UTF-8/LC_MESSAGES/SYS_LC_MESSAGES
407bfa3000-407bfa4000 r--p 00000000 fe:01 263014                         /usr/lib/locale/C.UTF-8/LC_MONETARY
407bfa4000-407c117000 r--p 00000000 fe:01 263008                         /usr/lib/locale/C.UTF-8/LC_COLLATE
407c117000-407c118000 r--p 00000000 fe:01 263019                         /usr/lib/locale/C.UTF-8/LC_TIME
407c118000-407c119000 r--p 00000000 fe:01 263016                         /usr/lib/locale/C.UTF-8/LC_NUMERIC
407c119000-407c14a000 r--p 00000000 fe:01 263009                         /usr/lib/locale/C.UTF-8/LC_CTYPE
407c14b000-407c14e000 ---p 00000000 00:00 0 
407c14e000-407c24c000 rw-p 00000000 00:00 0 
4080000000-4080021000 rw-p 00000000 00:00 0 
4080021000-4084000000 ---p 00000000 00:00 0 
408424c000-408424f000 ---p 00000000 00:00 0 
408424f000-408434d000 rw-p 00000000 00:00 0 
4088000000-40881d2000 rw-p 00000000 00:00 0 
40881d2000-408c000000 ---p 00000000 00:00 0 
408c34d000-408c350000 ---p 00000000 00:00 0 
408c350000-408c44e000 rw-p 00000000 00:00 0 
4090000000-40907c5000 rw-p 00000000 00:00 0 
40907c5000-4094000000 ---p 00000000 00:00 0 
409444e000-4094451000 ---p 00000000 00:00 0 
4094451000-409454f000 rw-p 00000000 00:00 0 
4098000000-409814b000 rw-p 00000000 00:00 0 
409814b000-409c000000 ---p 00000000 00:00 0 
409c54f000-409c552000 ---p 00000000 00:00 0 
409c552000-409c650000 rw-p 00000000 00:00 0 
40a0000000-40a03af000 rw-p 00000000 00:00 0 
40a03af000-40a4000000 ---p 00000000 00:00 0 
40a4650000-40a4653000 ---p 00000000 00:00 0 
40a4653000-40a4751000 rw-p 00000000 00:00 0 
40a8000000-40a8021000 rw-p 00000000 00:00 0 
40a8021000-40ac000000 ---p 00000000 00:00 0 
40ac751000-40ac752000 ---p 00000000 00:00 0 
40ac752000-40ac852000 rw-p 00000000 00:00 0 
40b0000000-40b0021000 rw-p 00000000 00:00 0 
40b0021000-40b4000000 ---p 00000000 00:00 0 
40b4852000-40b4854000 r--s 00001000 fe:01 278046                         /usr/lib/jvm/java-8-openjdk-amd64/jre/lib/ext/dnsns.jar
40b4854000-40b4856000 r--s 00008000 fe:01 278053                         /usr/lib/jvm/java-8-openjdk-amd64/jre/lib/ext/sunec.jar
40b4856000-40b4860000 r--s 00116000 fe:01 278051                         /usr/lib/jvm/java-8-openjdk-amd64/jre/lib/ext/localedata.jar
40b4860000-40b4865000 r--s 0003b000 fe:01 278054                         /usr/lib/jvm/java-8-openjdk-amd64/jre/lib/ext/sunjce_provider.jar
40b4865000-40b4867000 r--s 00007000 fe:01 286406                         /usr/share/java/java-atk-wrapper.jar
40b4867000-40b486a000 r--s 0000f000 fe:01 278047                         /usr/lib/jvm/java-8-openjdk-amd64/jre/lib/ext/icedtea-sound.jar
40b486a000-40b486d000 r--s 00038000 fe:01 278055                         /usr/lib/jvm/java-8-openjdk-amd64/jre/lib/ext/sunpkcs11.jar
40b486d000-40b4888000 r--s 001d6000 fe:01 278052                         /usr/lib/jvm/java-8-openjdk-amd64/jre/lib/ext/nashorn.jar
40b4888000-40b48a3000 r--s 00394000 fe:01 278045                         /usr/lib/jvm/java-8-openjdk-amd64/jre/lib/ext/cldrdata.jar
40b48a3000-40b48a4000 r--s 00010000 fe:01 278056                         /usr/lib/jvm/java-8-openjdk-amd64/jre/lib/ext/zipfs.jar
40b48a4000-40b48a5000 r--s 0000a000 fe:01 278048                         /usr/lib/jvm/java-8-openjdk-amd64/jre/lib/ext/jaccess.jar
40b48a5000-40b491f000 r--s 010ff000 fe:01 278142                         /usr/lib/jvm/java-8-openjdk-amd64/lib/tools.jar
ffffac3a6000-ffffacfb6000 rw-p 00000000 00:00 0 
ffffacfb7000-ffffacfbf000 rw-p 00000000 00:00 0 
ffffacfc0000-ffffacfc8000 rw-p 00000000 00:00 0 
ffffacfc9000-ffffacfd1000 rw-p 00000000 00:00 0 
ffffacfd2000-ffffacfda000 rw-p 00000000 00:00 0 
ffffacfdb000-ffffacfe3000 rw-p 00000000 00:00 0 
ffffacfe4000-ffffacfec000 rw-p 00000000 00:00 0 
ffffacfed000-ffffacff5000 rw-p 00000000 00:00 0 
ffffacff7000-ffffacfff000 rw-p 00000000 00:00 0 
ffffad000000-ffffad008000 rw-p 00000000 00:00 0 
ffffad009000-ffffad011000 rw-p 00000000 00:00 0 
ffffad012000-ffffad01a000 rw-p 00000000 00:00 0 
ffffad01b000-ffffad023000 rw-p 00000000 00:00 0 
ffffad025000-ffffad02d000 rw-p 00000000 00:00 0 
ffffad02e000-ffffad036000 rw-p 00000000 00:00 0 
ffffad037000-ffffad03f000 rw-p 00000000 00:00 0 
ffffad040000-ffffad048000 rw-p 00000000 00:00 0 
ffffad049000-ffffad051000 rw-p 00000000 00:00 0 
ffffad052000-ffffad05a000 rw-p 00000000 00:00 0 
ffffad05b000-ffffad063000 rw-p 00000000 00:00 0 
ffffad064000-ffffad06c000 rw-p 00000000 00:00 0 
ffffad06d000-ffffad075000 rw-p 00000000 00:00 0 
ffffad076000-ffffad07e000 rw-p 00000000 00:00 0 
ffffad07f000-ffffad087000 rw-p 00000000 00:00 0 
ffffad088000-ffffad090000 rw-p 00000000 00:00 0 
ffffad091000-ffffad099000 rw-p 00000000 00:00 0 
ffffad09a000-ffffad722000 rw-p 00000000 00:00 0 
ffffad722000-ffffad724000 ---p 00000000 00:00 0 
ffffad724000-ffffad814000 rw-p 00000000 00:00 0 
ffffad814000-ffffad816000 ---p 00000000 00:00 0 
ffffad816000-ffffad9a7000 rw-p 00000000 00:00 0 
ffffad9a7000-ffffad9a9000 ---p 00000000 00:00 0 
ffffad9a9000-ffffadaf2000 rw-p 00000000 00:00 0 
ffffadaf2000-ffffadaf4000 ---p 00000000 00:00 0 
ffffadaf4000-ffffadbbc000 rw-p 00000000 00:00 0 
ffffadbbc000-ffffadbbe000 ---p 00000000 00:00 0 
ffffadbbe000-ffffadd2a000 rw-p 00000000 00:00 0 
ffffadd2a000-ffffadd2c000 ---p 00000000 00:00 0 
ffffadd2c000-ffffadded000 rw-p 00000000 00:00 0 
ffffadded000-ffffaddef000 ---p 00000000 00:00 0 
ffffaddef000-ffffadfd3000 rw-p 00000000 00:00 0 
ffffadfd3000-ffffadfd5000 ---p 00000000 00:00 0 
ffffadfd5000-ffffae216000 rw-p 00000000 00:00 0 
ffffae216000-ffffae218000 ---p 00000000 00:00 0 
ffffae218000-ffffaf319000 rw-p 00000000 00:00 0 
ffffaf319000-ffffaf31b000 ---p 00000000 00:00 0 
ffffaf31b000-ffffaf35c000 rw-p 00000000 00:00 0 
ffffaf35c000-ffffaf35e000 ---p 00000000 00:00 0 
ffffaf35e000-ffffaf3bc000 rw-p 00000000 00:00 0 
ffffaf3bc000-ffffaf3be000 ---p 00000000 00:00 0 
ffffaf3be000-ffffaf3ff000 rw-p 00000000 00:00 0 
ffffaf3ff000-ffffaf401000 ---p 00000000 00:00 0 
ffffaf401000-ffffaf460000 rw-p 00000000 00:00 0 
ffffaf460000-ffffaf462000 ---p 00000000 00:00 0 
ffffaf462000-ffffaf4aa000 rw-p 00000000 00:00 0 
ffffaf4aa000-ffffaf4ac000 ---p 00000000 00:00 0 
ffffaf4ac000-ffffaf503000 rw-p 00000000 00:00 0 
ffffaf503000-ffffaf505000 ---p 00000000 00:00 0 
ffffaf505000-ffffaf551000 rw-p 00000000 00:00 0 
ffffaf551000-ffffaf553000 ---p 00000000 00:00 0 
ffffaf553000-ffffb057b000 rw-p 00000000 00:00 0 
ffffb057b000-ffffb057d000 ---p 00000000 00:00 0 
ffffb057d000-ffffb071e000 rw-p 00000000 00:00 0 
ffffb071e000-ffffb871d000 rwxp 00000000 00:00 0 
ffffb871d000-ffffb871e000 ---p 00000000 00:00 0 
ffffb871e000-ffffb8727000 rw-p 00000000 00:00 0 
ffffb8727000-ffffb8764000 rw-p 00000000 00:00 0 
ffffb8764000-ffffb8766000 ---p 00000000 00:00 0 
ffffb8766000-ffffb8849000 rw-p 00000000 00:00 0 
ffffb8849000-ffffb884b000 ---p 00000000 00:00 0 
ffffb884b000-ffffb886e000 rw-p 00000000 00:00 0 
ffffb886e000-ffffb8870000 r--p 00000000 00:00 0                          [vvar]
ffffb8870000-ffffb8871000 r-xp 00000000 00:00 0                          [vdso]
ffffef082000-ffffef0a3000 rw-p 00000000 00:00 0                          [stack]

VM Arguments:
jvm_args: -Dapplication.home=/usr/lib/jvm/java-8-openjdk-amd64 -Xms8m 
java_command: com.sun.tools.javac.Main AudioBook.java
java_class_path (initial): /usr/lib/jvm/java-8-openjdk-amd64/lib/tools.jar:/usr/lib/jvm/java-8-openjdk-amd64/classes
Launcher Type: SUN_STANDARD

Environment Variables:
JAVA_HOME=/docker-java-home
PATH=/usr/local/sbin:/usr/local/bin:/usr/sbin:/usr/bin:/sbin:/bin

Signal Handlers:
SIGSEGV: [libjvm.so+0xa70ed0], sa_mask[0]=11111111111111111111111111111110, sa_flags=SA_RESTART|SA_SIGINFO
SIGBUS: [libjvm.so+0xa70ed0], sa_mask[0]=11111111111111111111111111111110, sa_flags=SA_RESTART|SA_SIGINFO
SIGFPE: [libjvm.so+0x8b9a30], sa_mask[0]=11111111111111111111111111111110, sa_flags=SA_RESTART|SA_SIGINFO
SIGPIPE: [libjvm.so+0x8b9a30], sa_mask[0]=11111111111111111111111111111110, sa_flags=SA_RESTART|SA_SIGINFO
SIGXFSZ: [libjvm.so+0x8b9a30], sa_mask[0]=11111111111111111111111111111110, sa_flags=SA_RESTART|SA_SIGINFO
SIGILL: [libjvm.so+0x8b9a30], sa_mask[0]=11111111111111111111111111111110, sa_flags=SA_RESTART|SA_SIGINFO
SIGUSR1: SIG_DFL, sa_mask[0]=00000000000000000000000000000000, sa_flags=none
SIGUSR2: [libjvm.so+0x8b98e0], sa_mask[0]=00000000000000000000000000000000, sa_flags=SA_RESTART|SA_SIGINFO
SIGHUP: [libjvm.so+0x8b9d90], sa_mask[0]=11111111111111111111111111111110, sa_flags=SA_RESTART|SA_SIGINFO
SIGINT: [libjvm.so+0x8b9d90], sa_mask[0]=11111111111111111111111111111110, sa_flags=SA_RESTART|SA_SIGINFO
SIGTERM: [libjvm.so+0x8b9d90], sa_mask[0]=11111111111111111111111111111110, sa_flags=SA_RESTART|SA_SIGINFO
SIGQUIT: [libjvm.so+0x8b9d90], sa_mask[0]=11111111111111111111111111111110, sa_flags=SA_RESTART|SA_SIGINFO


---------------  S Y S T E M  ---------------

OS:PRETTY_NAME="Debian GNU/Linux 9 (stretch)"
NAME="Debian GNU/Linux"
VERSION_ID="9"
VERSION="9 (stretch)"
ID=debian
HOME_URL="https://www.debian.org/"
SUPPORT_URL="https://www.debian.org/support"
BUG_REPORT_URL="https://bugs.debian.org/"

uname:Linux 6.5.11-linuxkit #1 SMP PREEMPT Wed Dec  6 17:08:31 UTC 2023 x86_64
libc:glibc 2.24 NPTL 2.24 
rlimit: STACK 8192k, CORE 0k, NPROC infinity, NOFILE 1048576, AS infinity
load average:2.13 2.10 1.84

/proc/meminfo:
MemTotal:        8034972 kB
MemFree:         6494948 kB
MemAvailable:    6761328 kB
Buffers:           21704 kB
Cached:           512460 kB
SwapCached:            0 kB
Active:           179160 kB
Inactive:        1163832 kB
Active(anon):      11052 kB
Inactive(anon):   808940 kB
Active(file):     168108 kB
Inactive(file):   354892 kB
Unevictable:           0 kB
Mlocked:               0 kB
SwapTotal:       1048572 kB
SwapFree:        1048572 kB
Dirty:                 8 kB
Writeback:             0 kB
AnonPages:        792204 kB
Mapped:           288580 kB
Shmem:             11160 kB
KReclaimable:      27372 kB
Slab:              61688 kB
SReclaimable:      27372 kB
SUnreclaim:        34316 kB
KernelStack:        8992 kB
PageTables:         6756 kB
SecPageTables:         0 kB
NFS_Unstable:          0 kB
Bounce:                0 kB
WritebackTmp:          0 kB
CommitLimit:     5066056 kB
Committed_AS:    4612620 kB
VmallocTotal:   133141626880 kB
VmallocUsed:       13504 kB
VmallocChunk:          0 kB
Percpu:             2112 kB
AnonHugePages:    555008 kB
ShmemHugePages:        0 kB
ShmemPmdMapped:        0 kB
FileHugePages:         0 kB
FilePmdMapped:         0 kB


CPU:total 8 (initial active 8) (1 cores per cpu, 1 threads per core) family 15 model 107 stepping 1, cmov, cx8, fxsr, mmx, sse, sse2, sse3, ssse3, sse4.1, sse4.2, popcnt, aes, clmul, erms, mmxext, 3dnowpref, lzcnt, tsc, bmi1

/proc/cpuinfo:
processor	: 0
BogoMIPS	: 48.00
Features	: fp asimd evtstrm aes pmull sha1 sha2 crc32 atomics fphp asimdhp cpuid asimdrdm jscvt fcma lrcpc dcpop sha3 asimddp sha512 asimdfhm dit uscat ilrcpc flagm ssbs sb paca pacg dcpodp flagm2 frint
CPU implementer	: 0x00
CPU architecture: 8
CPU variant	: 0x0
CPU part	: 0x000
CPU revision	: 0

processor	: 1
BogoMIPS	: 48.00
Features	: fp asimd evtstrm aes pmull sha1 sha2 crc32 atomics fphp asimdhp cpuid asimdrdm jscvt fcma lrcpc dcpop sha3 asimddp sha512 asimdfhm dit uscat ilrcpc flagm ssbs sb paca pacg dcpodp flagm2 frint
CPU implementer	: 0x00
CPU architecture: 8
CPU variant	: 0x0
CPU part	: 0x000
CPU revision	: 0

processor	: 2
BogoMIPS	: 48.00
Features	: fp asimd evtstrm aes pmull sha1 sha2 crc32 atomics fphp asimdhp cpuid asimdrdm jscvt fcma lrcpc dcpop sha3 asimddp sha512 asimdfhm dit uscat ilrcpc flagm ssbs sb paca pacg dcpodp flagm2 frint
CPU implementer	: 0x00
CPU architecture: 8
CPU variant	: 0x0
CPU part	: 0x000
CPU revision	: 0

processor	: 3
BogoMIPS	: 48.00
Features	: fp asimd evtstrm aes pmull sha1 sha2 crc32 atomics fphp asimdhp cpuid asimdrdm jscvt fcma lrcpc dcpop sha3 asimddp sha512 asimdfhm dit uscat ilrcpc flagm ssbs sb paca pacg dcpodp flagm2 frint
CPU implementer	: 0x00
CPU architecture: 8
CPU variant	: 0x0
CPU part	: 0x000
CPU revision	: 0

processor	: 4
BogoMIPS	: 48.00
Features	: fp asimd evtstrm aes pmull sha1 sha2 crc32 atomics fphp asimdhp cpuid asimdrdm jscvt fcma lrcpc dcpop sha3 asimddp sha512 asimdfhm dit uscat ilrcpc flagm ssbs sb paca pacg dcpodp flagm2 frint
CPU implementer	: 0x00
CPU architecture: 8
CPU variant	: 0x0
CPU part	: 0x000
CPU revision	: 0

processor	: 5
BogoMIPS	: 48.00
Features	: fp asimd evtstrm aes pmull sha1 sha2 crc32 atomics fphp asimdhp cpuid asimdrdm jscvt fcma lrcpc dcpop sha3 asimddp sha512 asimdfhm dit uscat ilrcpc flagm ssbs sb paca pacg dcpodp flagm2 frint
CPU implementer	: 0x00
CPU architecture: 8
CPU variant	: 0x0
CPU part	: 0x000
CPU revision	: 0

processor	: 6
BogoMIPS	: 48.00
Features	: fp asimd evtstrm aes pmull sha1 sha2 crc32 atomics fphp asimdhp cpuid asimdrdm jscvt fcma lrcpc dcpop sha3 asimddp sha512 asimdfhm dit uscat ilrcpc flagm ssbs sb paca pacg dcpodp flagm2 frint
CPU implementer	: 0x00
CPU architecture: 8
CPU variant	: 0x0
CPU part	: 0x000
CPU revision	: 0

processor	: 7
BogoMIPS	: 48.00
Features	: fp asimd evtstrm aes pmull sha1 sha2 crc32 atomics fphp asimdhp cpuid asimdrdm jscvt fcma lrcpc dcpop sha3 asimddp sha512 asimdfhm dit uscat ilrcpc flagm ssbs sb paca pacg dcpodp flagm2 frint
CPU implementer	: 0x00
CPU architecture: 8
CPU variant	: 0x0
CPU part	: 0x000
CPU revision	: 0



Memory: 4k page, physical 8034972k(6494948k free), swap 1048572k(1048572k free)

vm_info: OpenJDK 64-Bit Server VM (25.162-b12) for linux-amd64 JRE (1.8.0_162-8u162-b12-1~deb9u1-b12), built on Mar 15 2018 23:05:30 by "pbuilder" with gcc 6.3.0 20170516

time: Thu May 23 04:28:28 2024
elapsed time: 1931 seconds (0d 0h 32m 11s)

